<?xml version="1.0" encoding="UTF-8"?>
<coverage generated="1782907189673" clover="3.2.0">
  <project timestamp="1782907189673" name="All files">
    <metrics statements="322" coveredstatements="258" conditionals="382" coveredconditionals="282" methods="104" coveredmethods="66" elements="808" coveredelements="606" complexity="0" loc="322" ncloc="322" packages="6" files="13" classes="13"/>
    <package name="src">
      <metrics statements="8" coveredstatements="8" conditionals="0" coveredconditionals="0" methods="8" coveredmethods="5"/>
      <file name="App.tsx" path="/Users/eshaanog/Documents/CommitIQ---/frontend/src/App.tsx">
        <metrics statements="8" coveredstatements="8" conditionals="0" coveredconditionals="0" methods="8" coveredmethods="5"/>
        <line num="5" count="1" type="stmt"/>
        <line num="6" count="1" type="stmt"/>
        <line num="7" count="1" type="stmt"/>
        <line num="8" count="1" type="stmt"/>
        <line num="9" count="1" type="stmt"/>
        <line num="10" count="1" type="stmt"/>
        <line num="13" count="3" type="stmt"/>
        <line num="21" count="1" type="stmt"/>
      </file>
    </package>
    <package name="src.components">
      <metrics statements="45" coveredstatements="45" conditionals="59" coveredconditionals="41" methods="11" coveredmethods="10"/>
      <file name="AmbientBackground.tsx" path="/Users/eshaanog/Documents/CommitIQ---/frontend/src/components/AmbientBackground.tsx">
        <metrics statements="1" coveredstatements="1" conditionals="0" coveredconditionals="0" methods="1" coveredmethods="1"/>
        <line num="2" count="1" type="stmt"/>
      </file>
      <file name="BusFactorTable.tsx" path="/Users/eshaanog/Documents/CommitIQ---/frontend/src/components/BusFactorTable.tsx">
        <metrics statements="7" coveredstatements="7" conditionals="12" coveredconditionals="6" methods="3" coveredmethods="2"/>
        <line num="4" count="1" type="stmt"/>
        <line num="11" count="1" type="stmt"/>
        <line num="14" count="1" type="stmt"/>
        <line num="16" count="1" type="stmt"/>
        <line num="49" count="1" type="cond" truecount="1" falsecount="1"/>
        <line num="50" count="1" type="cond" truecount="1" falsecount="1"/>
        <line num="52" count="1" type="stmt"/>
      </file>
      <file name="NarrativeCard.tsx" path="/Users/eshaanog/Documents/CommitIQ---/frontend/src/components/NarrativeCard.tsx">
        <metrics statements="37" coveredstatements="37" conditionals="47" coveredconditionals="35" methods="7" coveredmethods="7"/>
        <line num="6" count="1" type="stmt"/>
        <line num="25" count="12" type="stmt"/>
        <line num="26" count="12" type="stmt"/>
        <line num="27" count="12" type="stmt"/>
        <line num="28" count="12" type="stmt"/>
        <line num="29" count="12" type="stmt"/>
        <line num="31" count="12" type="stmt"/>
        <line num="32" count="4" type="stmt"/>
        <line num="33" count="4" type="stmt"/>
        <line num="34" count="4" type="stmt"/>
        <line num="35" count="4" type="stmt"/>
        <line num="36" count="4" type="stmt"/>
        <line num="37" count="4" type="stmt"/>
        <line num="38" count="4" type="stmt"/>
        <line num="42" count="12" type="stmt"/>
        <line num="43" count="3" type="cond" truecount="4" falsecount="1"/>
        <line num="44" count="3" type="stmt"/>
        <line num="45" count="3" type="stmt"/>
        <line num="46" count="3" type="stmt"/>
        <line num="47" count="3" type="stmt"/>
        <line num="48" count="3" type="stmt"/>
        <line num="49" count="4" type="cond" truecount="1" falsecount="1"/>
        <line num="50" count="4" type="cond" truecount="2" falsecount="0"/>
        <line num="51" count="1" type="stmt"/>
        <line num="52" count="1" type="stmt"/>
        <line num="53" count="1" type="stmt"/>
        <line num="55" count="3" type="cond" truecount="2" falsecount="0"/>
        <line num="56" count="2" type="stmt"/>
        <line num="57" count="4" type="stmt"/>
        <line num="59" count="3" type="cond" truecount="2" falsecount="0"/>
        <line num="60" count="1" type="stmt"/>
        <line num="61" count="1" type="cond" truecount="1" falsecount="1"/>
        <line num="62" count="1" type="stmt"/>
        <line num="66" count="1" type="cond" truecount="1" falsecount="1"/>
        <line num="67" count="1" type="stmt"/>
        <line num="71" count="12" type="stmt"/>
        <line num="134" count="1" type="stmt"/>
      </file>
    </package>
    <package name="src.components.ui">
      <metrics statements="21" coveredstatements="21" conditionals="32" coveredconditionals="28" methods="8" coveredmethods="8"/>
      <file name="HealthBadge.tsx" path="/Users/eshaanog/Documents/CommitIQ---/frontend/src/components/ui/HealthBadge.tsx">
        <metrics statements="5" coveredstatements="5" conditionals="12" coveredconditionals="10" methods="1" coveredmethods="1"/>
        <line num="6" count="16" type="stmt"/>
        <line num="7" count="16" type="stmt"/>
        <line num="8" count="16" type="stmt"/>
        <line num="13" count="16" type="stmt"/>
        <line num="22" count="16" type="stmt"/>
      </file>
      <file name="ThemeToggle.tsx" path="/Users/eshaanog/Documents/CommitIQ---/frontend/src/components/ui/ThemeToggle.tsx">
        <metrics statements="16" coveredstatements="16" conditionals="20" coveredconditionals="18" methods="7" coveredmethods="7"/>
        <line num="4" count="9" type="stmt"/>
        <line num="5" count="9" type="stmt"/>
        <line num="6" count="9" type="cond" truecount="3" falsecount="1"/>
        <line num="8" count="1" type="stmt"/>
        <line num="13" count="10" type="stmt"/>
        <line num="14" count="10" type="stmt"/>
        <line num="21" count="104" type="cond" truecount="2" falsecount="0"/>
        <line num="23" count="104" type="stmt"/>
        <line num="24" count="10" type="stmt"/>
        <line num="25" count="10" type="cond" truecount="2" falsecount="0"/>
        <line num="26" count="9" type="stmt"/>
        <line num="28" count="1" type="stmt"/>
        <line num="30" count="10" type="stmt"/>
        <line num="33" count="104" type="stmt"/>
        <line num="34" count="1" type="cond" truecount="1" falsecount="1"/>
        <line num="37" count="104" type="stmt"/>
      </file>
    </package>
    <package name="src.lib">
      <metrics statements="57" coveredstatements="25" conditionals="34" coveredconditionals="13" methods="22" coveredmethods="3"/>
      <file name="api.ts" path="/Users/eshaanog/Documents/CommitIQ---/frontend/src/lib/api.ts">
        <metrics statements="54" coveredstatements="24" conditionals="34" coveredconditionals="13" methods="19" coveredmethods="2"/>
        <line num="20" count="1" type="cond" truecount="2" falsecount="0"/>
        <line num="21" count="1" type="stmt"/>
        <line num="23" count="1" type="stmt"/>
        <line num="30" count="0" type="cond" truecount="0" falsecount="2"/>
        <line num="31" count="0" type="stmt"/>
        <line num="32" count="0" type="stmt"/>
        <line num="33" count="0" type="cond" truecount="0" falsecount="2"/>
        <line num="34" count="0" type="cond" truecount="0" falsecount="2"/>
        <line num="35" count="0" type="cond" truecount="0" falsecount="2"/>
        <line num="36" count="0" type="stmt"/>
        <line num="38" count="0" type="cond" truecount="0" falsecount="2"/>
        <line num="42" count="0" type="stmt"/>
        <line num="43" count="0" type="stmt"/>
        <line num="44" count="0" type="stmt"/>
        <line num="46" count="0" type="stmt"/>
        <line num="51" count="0" type="stmt"/>
        <line num="57" count="0" type="stmt"/>
        <line num="61" count="0" type="stmt"/>
        <line num="65" count="0" type="stmt"/>
        <line num="66" count="0" type="stmt"/>
        <line num="73" count="0" type="stmt"/>
        <line num="77" count="0" type="stmt"/>
        <line num="83" count="0" type="stmt"/>
        <line num="91" count="0" type="stmt"/>
        <line num="99" count="0" type="stmt"/>
        <line num="105" count="0" type="stmt"/>
        <line num="115" count="0" type="stmt"/>
        <line num="120" count="0" type="stmt"/>
        <line num="124" count="0" type="stmt"/>
        <line num="128" count="0" type="stmt"/>
        <line num="132" count="0" type="stmt"/>
        <line num="140" count="2" type="stmt"/>
        <line num="150" count="2" type="cond" truecount="2" falsecount="0"/>
        <line num="151" count="1" type="stmt"/>
        <line num="152" count="1" type="cond" truecount="1" falsecount="1"/>
        <line num="155" count="1" type="cond" truecount="1" falsecount="1"/>
        <line num="156" count="0" type="stmt"/>
        <line num="159" count="1" type="stmt"/>
        <line num="160" count="1" type="stmt"/>
        <line num="161" count="1" type="stmt"/>
        <line num="163" count="1" type="stmt"/>
        <line num="164" count="5" type="stmt"/>
        <line num="165" count="5" type="cond" truecount="2" falsecount="0"/>
        <line num="167" count="4" type="stmt"/>
        <line num="168" count="4" type="stmt"/>
        <line num="169" count="4" type="cond" truecount="2" falsecount="0"/>
        <line num="171" count="5" type="stmt"/>
        <line num="172" count="3" type="stmt"/>
        <line num="173" count="3" type="cond" truecount="1" falsecount="1"/>
        <line num="174" count="3" type="stmt"/>
        <line num="175" count="3" type="cond" truecount="1" falsecount="1"/>
        <line num="176" count="3" type="stmt"/>
        <line num="180" count="1" type="cond" truecount="1" falsecount="1"/>
        <line num="181" count="0" type="stmt"/>
      </file>
      <file name="utils.ts" path="/Users/eshaanog/Documents/CommitIQ---/frontend/src/lib/utils.ts">
        <metrics statements="3" coveredstatements="1" conditionals="0" coveredconditionals="0" methods="3" coveredmethods="1"/>
        <line num="4" count="34" type="stmt"/>
        <line num="8" count="0" type="stmt"/>
        <line num="14" count="0" type="stmt"/>
      </file>
    </package>
    <package name="src.pages">
      <metrics statements="172" coveredstatements="140" conditionals="229" coveredconditionals="176" methods="50" coveredmethods="35"/>
      <file name="AnalyzePage.tsx" path="/Users/eshaanog/Documents/CommitIQ---/frontend/src/pages/AnalyzePage.tsx">
        <metrics statements="48" coveredstatements="37" conditionals="67" coveredconditionals="49" methods="12" coveredmethods="9"/>
        <line num="6" count="2" type="stmt"/>
        <line num="14" count="12" type="stmt"/>
        <line num="15" count="3" type="cond" truecount="2" falsecount="0"/>
        <line num="19" count="7" type="stmt"/>
        <line num="20" count="7" type="stmt"/>
        <line num="21" count="7" type="stmt"/>
        <line num="22" count="7" type="cond" truecount="1" falsecount="1"/>
        <line num="23" count="7" type="stmt"/>
        <line num="32" count="7" type="stmt"/>
        <line num="33" count="7" type="stmt"/>
        <line num="35" count="7" type="stmt"/>
        <line num="36" count="3" type="cond" truecount="1" falsecount="1"/>
        <line num="37" count="0" type="stmt"/>
        <line num="38" count="0" type="stmt"/>
        <line num="41" count="3" type="stmt"/>
        <line num="42" count="3" type="stmt"/>
        <line num="43" count="2" type="stmt"/>
        <line num="44" count="2" type="stmt"/>
        <line num="45" count="2" type="cond" truecount="1" falsecount="1"/>
        <line num="46" count="2" type="stmt"/>
        <line num="47" count="2" type="stmt"/>
        <line num="48" count="2" type="stmt"/>
        <line num="50" count="0" type="cond" truecount="0" falsecount="2"/>
        <line num="53" count="2" type="cond" truecount="1" falsecount="1"/>
        <line num="54" count="0" type="stmt"/>
        <line num="55" count="0" type="cond" truecount="0" falsecount="2"/>
        <line num="57" count="2" type="cond" truecount="1" falsecount="1"/>
        <line num="58" count="0" type="stmt"/>
        <line num="59" count="0" type="cond" truecount="0" falsecount="2"/>
        <line num="62" count="3" type="stmt"/>
        <line num="63" count="0" type="stmt"/>
        <line num="64" count="0" type="stmt"/>
        <line num="66" count="3" type="stmt"/>
        <line num="69" count="7" type="cond" truecount="2" falsecount="0"/>
        <line num="70" count="7" type="cond" truecount="3" falsecount="0"/>
        <line num="73" count="1" type="cond" truecount="3" falsecount="1"/>
        <line num="74" count="1" type="stmt"/>
        <line num="75" count="1" type="stmt"/>
        <line num="76" count="1" type="stmt"/>
        <line num="77" count="1" type="stmt"/>
        <line num="78" count="1" type="cond" truecount="1" falsecount="1"/>
        <line num="80" count="0" type="cond" truecount="0" falsecount="2"/>
        <line num="82" count="1" type="stmt"/>
        <line num="86" count="7" type="stmt"/>
        <line num="108" count="28" type="cond" truecount="2" falsecount="0"/>
        <line num="109" count="28" type="cond" truecount="3" falsecount="0"/>
        <line num="110" count="28" type="stmt"/>
        <line num="185" count="0" type="stmt"/>
      </file>
      <file name="DashboardPage.tsx" path="/Users/eshaanog/Documents/CommitIQ---/frontend/src/pages/DashboardPage.tsx">
        <metrics statements="42" coveredstatements="34" conditionals="91" coveredconditionals="74" methods="20" coveredmethods="13"/>
        <line num="18" count="22" type="cond" truecount="1" falsecount="0"/>
        <line num="19" count="22" type="stmt"/>
        <line num="20" count="22" type="stmt"/>
        <line num="21" count="22" type="stmt"/>
        <line num="23" count="22" type="cond" truecount="1" falsecount="1"/>
        <line num="24" count="22" type="stmt"/>
        <line num="25" count="22" type="stmt"/>
        <line num="26" count="22" type="cond" truecount="2" falsecount="0"/>
        <line num="27" count="22" type="cond" truecount="2" falsecount="0"/>
        <line num="28" count="22" type="cond" truecount="2" falsecount="0"/>
        <line num="29" count="22" type="cond" truecount="4" falsecount="0"/>
        <line num="30" count="22" type="cond" truecount="2" falsecount="0"/>
        <line num="31" count="22" type="cond" truecount="2" falsecount="0"/>
        <line num="32" count="22" type="cond" truecount="2" falsecount="0"/>
        <line num="33" count="22" type="cond" truecount="2" falsecount="0"/>
        <line num="35" count="22" type="stmt"/>
        <line num="36" count="12" type="cond" truecount="2" falsecount="0"/>
        <line num="37" count="6" type="stmt"/>
        <line num="38" count="6" type="stmt"/>
        <line num="41" count="6" type="cond" truecount="2" falsecount="0"/>
        <line num="42" count="6" type="stmt"/>
        <line num="44" count="12" type="cond" truecount="2" falsecount="0"/>
        <line num="46" count="12" type="cond" truecount="2" falsecount="0"/>
        <line num="47" count="3" type="stmt"/>
        <line num="51" count="22" type="cond" truecount="2" falsecount="0"/>
        <line num="52" count="5" type="stmt"/>
        <line num="60" count="17" type="cond" truecount="4" falsecount="0"/>
        <line num="61" count="2" type="stmt"/>
        <line num="72" count="0" type="stmt"/>
        <line num="82" count="15" type="cond" truecount="2" falsecount="0"/>
        <line num="84" count="22" type="stmt"/>
        <line num="90" count="0" type="stmt"/>
        <line num="100" count="0" type="stmt"/>
        <line num="120" count="0" type="stmt"/>
        <line num="132" count="0" type="stmt"/>
        <line num="147" count="0" type="stmt"/>
        <line num="167" count="0" type="stmt"/>
        <line num="168" count="0" type="stmt"/>
        <line num="209" count="1" type="stmt"/>
        <line num="243" count="24" type="stmt"/>
        <line num="279" count="4" type="stmt"/>
        <line num="311" count="4" type="stmt"/>
      </file>
      <file name="DemoPage.tsx" path="/Users/eshaanog/Documents/CommitIQ---/frontend/src/pages/DemoPage.tsx">
        <metrics statements="14" coveredstatements="13" conditionals="18" coveredconditionals="16" methods="3" coveredmethods="2"/>
        <line num="7" count="6" type="stmt"/>
        <line num="8" count="6" type="stmt"/>
        <line num="9" count="6" type="stmt"/>
        <line num="11" count="6" type="stmt"/>
        <line num="12" count="2" type="stmt"/>
        <line num="13" count="2" type="stmt"/>
        <line num="14" count="2" type="stmt"/>
        <line num="15" count="2" type="stmt"/>
        <line num="16" count="2" type="stmt"/>
        <line num="17" count="1" type="stmt"/>
        <line num="19" count="1" type="cond" truecount="1" falsecount="1"/>
        <line num="20" count="1" type="stmt"/>
        <line num="24" count="6" type="stmt"/>
        <line num="45" count="0" type="cond" truecount="1" falsecount="1"/>
      </file>
      <file name="LandingPage.tsx" path="/Users/eshaanog/Documents/CommitIQ---/frontend/src/pages/LandingPage.tsx">
        <metrics statements="68" coveredstatements="56" conditionals="53" coveredconditionals="37" methods="15" coveredmethods="11"/>
        <line num="7" count="2" type="stmt"/>
        <line num="10" count="76" type="stmt"/>
        <line num="12" count="76" type="cond" truecount="2" falsecount="0"/>
        <line num="13" count="12" type="cond" truecount="2" falsecount="0"/>
        <line num="14" count="9" type="stmt"/>
        <line num="15" count="3" type="cond" truecount="1" falsecount="1"/>
        <line num="16" count="3" type="stmt"/>
        <line num="20" count="76" type="cond" truecount="1" falsecount="1"/>
        <line num="21" count="0" type="stmt"/>
        <line num="22" count="76" type="cond" truecount="2" falsecount="0"/>
        <line num="23" count="27" type="stmt"/>
        <line num="26" count="76" type="cond" truecount="1" falsecount="1"/>
        <line num="27" count="0" type="stmt"/>
        <line num="30" count="76" type="cond" truecount="2" falsecount="0"/>
        <line num="31" count="16" type="stmt"/>
        <line num="34" count="76" type="stmt"/>
        <line num="35" count="76" type="cond" truecount="5" falsecount="0"/>
        <line num="36" count="50" type="stmt"/>
        <line num="39" count="26" type="stmt"/>
        <line num="40" count="26" type="stmt"/>
        <line num="42" count="26" type="stmt"/>
        <line num="43" count="26" type="cond" truecount="3" falsecount="1"/>
        <line num="44" count="0" type="stmt"/>
        <line num="47" count="26" type="stmt"/>
        <line num="51" count="88" type="stmt"/>
        <line num="52" count="88" type="stmt"/>
        <line num="53" count="88" type="stmt"/>
        <line num="54" count="88" type="stmt"/>
        <line num="55" count="88" type="stmt"/>
        <line num="56" count="88" type="stmt"/>
        <line num="57" count="88" type="stmt"/>
        <line num="59" count="88" type="stmt"/>
        <line num="60" count="4" type="stmt"/>
        <line num="61" count="4" type="stmt"/>
        <line num="64" count="88" type="stmt"/>
        <line num="65" count="73" type="cond" truecount="1" falsecount="1"/>
        <line num="66" count="0" type="stmt"/>
        <line num="67" count="0" type="stmt"/>
        <line num="69" count="73" type="stmt"/>
        <line num="70" count="73" type="cond" truecount="2" falsecount="0"/>
        <line num="73" count="88" type="stmt"/>
        <line num="74" count="73" type="stmt"/>
        <line num="75" count="73" type="stmt"/>
        <line num="76" count="73" type="stmt"/>
        <line num="79" count="88" type="stmt"/>
        <line num="80" count="3" type="cond" truecount="3" falsecount="1"/>
        <line num="81" count="3" type="stmt"/>
        <line num="82" count="3" type="stmt"/>
        <line num="83" count="3" type="stmt"/>
        <line num="84" count="3" type="stmt"/>
        <line num="85" count="3" type="cond" truecount="1" falsecount="1"/>
        <line num="86" count="0" type="stmt"/>
        <line num="87" count="0" type="stmt"/>
        <line num="88" count="0" type="stmt"/>
        <line num="90" count="3" type="stmt"/>
        <line num="91" count="3" type="cond" truecount="1" falsecount="1"/>
        <line num="92" count="3" type="cond" truecount="1" falsecount="1"/>
        <line num="93" count="3" type="stmt"/>
        <line num="95" count="0" type="cond" truecount="0" falsecount="2"/>
        <line num="96" count="0" type="stmt"/>
        <line num="100" count="88" type="stmt"/>
        <line num="106" count="88" type="stmt"/>
        <line num="122" count="0" type="stmt"/>
        <line num="164" count="73" type="cond" truecount="1" falsecount="1"/>
        <line num="174" count="6" type="stmt"/>
        <line num="175" count="4" type="cond" truecount="1" falsecount="1"/>
        <line num="222" count="0" type="stmt"/>
        <line num="250" count="264" type="stmt"/>
      </file>
    </package>
    <package name="src.types">
      <metrics statements="19" coveredstatements="19" conditionals="28" coveredconditionals="24" methods="5" coveredmethods="5"/>
      <file name="index.ts" path="/Users/eshaanog/Documents/CommitIQ---/frontend/src/types/index.ts">
        <metrics statements="19" coveredstatements="19" conditionals="28" coveredconditionals="24" methods="5" coveredmethods="5"/>
        <line num="361" count="22" type="cond" truecount="2" falsecount="0"/>
        <line num="362" count="12" type="cond" truecount="2" falsecount="0"/>
        <line num="363" count="10" type="cond" truecount="2" falsecount="0"/>
        <line num="364" count="9" type="cond" truecount="2" falsecount="0"/>
        <line num="365" count="8" type="cond" truecount="2" falsecount="0"/>
        <line num="366" count="6" type="stmt"/>
        <line num="370" count="19" type="cond" truecount="2" falsecount="0"/>
        <line num="371" count="8" type="cond" truecount="2" falsecount="0"/>
        <line num="372" count="7" type="stmt"/>
        <line num="376" count="2" type="cond" truecount="2" falsecount="0"/>
        <line num="377" count="1" type="cond" truecount="1" falsecount="1"/>
        <line num="378" count="1" type="cond" truecount="1" falsecount="1"/>
        <line num="379" count="1" type="cond" truecount="1" falsecount="1"/>
        <line num="380" count="1" type="cond" truecount="1" falsecount="1"/>
        <line num="381" count="1" type="stmt"/>
        <line num="385" count="1" type="stmt"/>
        <line num="389" count="3" type="cond" truecount="2" falsecount="0"/>
        <line num="390" count="2" type="cond" truecount="2" falsecount="0"/>
        <line num="391" count="3" type="stmt"/>
      </file>
    </package>
  </project>
</coverage>
