{"/Users/eshaanog/Documents/CommitIQ---/frontend/src/App.tsx": {"path":"/Users/eshaanog/Documents/CommitIQ---/frontend/src/App.tsx","statementMap":{"0":{"start":{"line":5,"column":6},"end":{"line":5,"column":null}},"1":{"start":{"line":5,"column":31},"end":{"line":5,"column":null}},"2":{"start":{"line":6,"column":6},"end":{"line":6,"column":null}},"3":{"start":{"line":6,"column":31},"end":{"line":6,"column":null}},"4":{"start":{"line":7,"column":6},"end":{"line":7,"column":null}},"5":{"start":{"line":7,"column":33},"end":{"line":7,"column":null}},"6":{"start":{"line":8,"column":6},"end":{"line":8,"column":null}},"7":{"start":{"line":8,"column":36},"end":{"line":8,"column":null}},"8":{"start":{"line":9,"column":6},"end":{"line":9,"column":null}},"9":{"start":{"line":9,"column":28},"end":{"line":9,"column":null}},"10":{"start":{"line":10,"column":6},"end":{"line":10,"column":null}},"11":{"start":{"line":10,"column":32},"end":{"line":10,"column":null}},"12":{"start":{"line":13,"column":2},"end":{"line":16,"column":null}},"13":{"start":{"line":21,"column":2},"end":{"line":36,"column":null}}},"fnMap":{"0":{"name":"(anonymous_0)","decl":{"start":{"line":5,"column":20},"end":{"line":5,"column":31}},"loc":{"start":{"line":5,"column":31},"end":{"line":5,"column":null}},"line":5},"1":{"name":"(anonymous_1)","decl":{"start":{"line":6,"column":20},"end":{"line":6,"column":31}},"loc":{"start":{"line":6,"column":31},"end":{"line":6,"column":null}},"line":6},"2":{"name":"(anonymous_2)","decl":{"start":{"line":7,"column":22},"end":{"line":7,"column":33}},"loc":{"start":{"line":7,"column":33},"end":{"line":7,"column":null}},"line":7},"3":{"name":"(anonymous_3)","decl":{"start":{"line":8,"column":25},"end":{"line":8,"column":36}},"loc":{"start":{"line":8,"column":36},"end":{"line":8,"column":null}},"line":8},"4":{"name":"(anonymous_4)","decl":{"start":{"line":9,"column":17},"end":{"line":9,"column":28}},"loc":{"start":{"line":9,"column":28},"end":{"line":9,"column":null}},"line":9},"5":{"name":"(anonymous_5)","decl":{"start":{"line":10,"column":21},"end":{"line":10,"column":32}},"loc":{"start":{"line":10,"column":32},"end":{"line":10,"column":null}},"line":10},"6":{"name":"RouteFallback","decl":{"start":{"line":12,"column":9},"end":{"line":12,"column":25}},"loc":{"start":{"line":12,"column":25},"end":{"line":18,"column":null}},"line":12},"7":{"name":"App","decl":{"start":{"line":20,"column":24},"end":{"line":20,"column":30}},"loc":{"start":{"line":20,"column":30},"end":{"line":38,"column":null}},"line":20}},"branchMap":{},"s":{"0":1,"1":1,"2":1,"3":1,"4":1,"5":1,"6":1,"7":0,"8":1,"9":0,"10":1,"11":0,"12":3,"13":1},"f":{"0":1,"1":1,"2":1,"3":0,"4":0,"5":0,"6":3,"7":1},"b":{},"meta":{"lastBranch":0,"lastFunction":8,"lastStatement":14,"seen":{"s:5:6:5:Infinity":0,"f:5:20:5:31":0,"s:5:31:5:Infinity":1,"s:6:6:6:Infinity":2,"f:6:20:6:31":1,"s:6:31:6:Infinity":3,"s:7:6:7:Infinity":4,"f:7:22:7:33":2,"s:7:33:7:Infinity":5,"s:8:6:8:Infinity":6,"f:8:25:8:36":3,"s:8:36:8:Infinity":7,"s:9:6:9:Infinity":8,"f:9:17:9:28":4,"s:9:28:9:Infinity":9,"s:10:6:10:Infinity":10,"f:10:21:10:32":5,"s:10:32:10:Infinity":11,"f:12:9:12:25":6,"s:13:2:16:Infinity":12,"f:20:24:20:30":7,"s:21:2:36:Infinity":13},"fnNames":{}}}
,"/Users/eshaanog/Documents/CommitIQ---/frontend/src/components/AmbientBackground.tsx": {"path":"/Users/eshaanog/Documents/CommitIQ---/frontend/src/components/AmbientBackground.tsx","statementMap":{"0":{"start":{"line":2,"column":2},"end":{"line":33,"column":null}}},"fnMap":{"0":{"name":"AmbientBackground","decl":{"start":{"line":1,"column":24},"end":{"line":1,"column":44}},"loc":{"start":{"line":1,"column":44},"end":{"line":35,"column":null}},"line":1}},"branchMap":{},"s":{"0":1},"f":{"0":1},"b":{},"meta":{"lastBranch":0,"lastFunction":1,"lastStatement":1,"seen":{"f:1:24:1:44":0,"s:2:2:33:Infinity":0},"fnNames":{}}}
,"/Users/eshaanog/Documents/CommitIQ---/frontend/src/components/BusFactorTable.tsx": {"path":"/Users/eshaanog/Documents/CommitIQ---/frontend/src/components/BusFactorTable.tsx","statementMap":{"0":{"start":{"line":4,"column":44},"end":{"line":9,"column":null}},"1":{"start":{"line":11,"column":19},"end":{"line":11,"column":null}},"2":{"start":{"line":14,"column":17},"end":{"line":14,"column":null}},"3":{"start":{"line":14,"column":45},"end":{"line":14,"column":96}},"4":{"start":{"line":16,"column":2},"end":{"line":102,"column":null}},"5":{"start":{"line":49,"column":30},"end":{"line":49,"column":null}},"6":{"start":{"line":50,"column":37},"end":{"line":50,"column":null}},"7":{"start":{"line":52,"column":18},"end":{"line":94,"column":null}}},"fnMap":{"0":{"name":"BusFactorTable","decl":{"start":{"line":13,"column":16},"end":{"line":13,"column":31}},"loc":{"start":{"line":13,"column":65},"end":{"line":104,"column":null}},"line":13},"1":{"name":"(anonymous_1)","decl":{"start":{"line":14,"column":30},"end":{"line":14,"column":36}},"loc":{"start":{"line":14,"column":45},"end":{"line":14,"column":96}},"line":14},"2":{"name":"(anonymous_2)","decl":{"start":{"line":48,"column":24},"end":{"line":48,"column":29}},"loc":{"start":{"line":48,"column":40},"end":{"line":96,"column":17}},"line":48}},"branchMap":{"0":{"loc":{"start":{"line":31,"column":9},"end":{"line":99,"column":null}},"type":"cond-expr","locations":[{"start":{"line":32,"column":10},"end":{"line":37,"column":11}},{"start":{"line":37,"column":10},"end":{"line":99,"column":null}}],"line":31},"1":{"loc":{"start":{"line":49,"column":30},"end":{"line":49,"column":null}},"type":"binary-expr","locations":[{"start":{"line":49,"column":30},"end":{"line":49,"column":64}},{"start":{"line":49,"column":64},"end":{"line":49,"column":null}}],"line":49},"2":{"loc":{"start":{"line":50,"column":37},"end":{"line":50,"column":null}},"type":"binary-expr","locations":[{"start":{"line":50,"column":37},"end":{"line":50,"column":73}},{"start":{"line":50,"column":73},"end":{"line":50,"column":null}}],"line":50},"3":{"loc":{"start":{"line":56,"column":29},"end":{"line":56,"column":null}},"type":"cond-expr","locations":[{"start":{"line":56,"column":42},"end":{"line":56,"column":84}},{"start":{"line":56,"column":84},"end":{"line":56,"column":null}}],"line":56},"4":{"loc":{"start":{"line":73,"column":27},"end":{"line":78,"column":34}},"type":"cond-expr","locations":[{"start":{"line":74,"column":28},"end":{"line":76,"column":29}},{"start":{"line":76,"column":28},"end":{"line":78,"column":34}}],"line":73},"5":{"loc":{"start":{"line":92,"column":25},"end":{"line":92,"column":null}},"type":"binary-expr","locations":[{"start":{"line":92,"column":25},"end":{"line":92,"column":51}},{"start":{"line":92,"column":51},"end":{"line":92,"column":null}}],"line":92}},"s":{"0":1,"1":1,"2":1,"3":0,"4":1,"5":1,"6":1,"7":1},"f":{"0":1,"1":0,"2":1},"b":{"0":[0,1],"1":[1,0],"2":[1,0],"3":[1,0],"4":[1,0],"5":[1,0]},"meta":{"lastBranch":6,"lastFunction":3,"lastStatement":8,"seen":{"s:4:44:9:Infinity":0,"s:11:19:11:Infinity":1,"f:13:16:13:31":0,"s:14:17:14:Infinity":2,"f:14:30:14:36":1,"s:14:45:14:96":3,"s:16:2:102:Infinity":4,"b:32:10:37:11:37:10:99:Infinity":0,"f:48:24:48:29":2,"s:49:30:49:Infinity":5,"b:49:30:49:64:49:64:49:Infinity":1,"s:50:37:50:Infinity":6,"b:50:37:50:73:50:73:50:Infinity":2,"s:52:18:94:Infinity":7,"b:56:42:56:84:56:84:56:Infinity":3,"b:74:28:76:29:76:28:78:34":4,"b:92:25:92:51:92:51:92:Infinity":5},"fnNames":{}}}
,"/Users/eshaanog/Documents/CommitIQ---/frontend/src/components/NarrativeCard.tsx": {"path":"/Users/eshaanog/Documents/CommitIQ---/frontend/src/components/NarrativeCard.tsx","statementMap":{"0":{"start":{"line":6,"column":86},"end":{"line":22,"column":null}},"1":{"start":{"line":25,"column":16},"end":{"line":25,"column":null}},"2":{"start":{"line":26,"column":22},"end":{"line":26,"column":null}},"3":{"start":{"line":27,"column":15},"end":{"line":27,"column":null}},"4":{"start":{"line":28,"column":16},"end":{"line":28,"column":null}},"5":{"start":{"line":29,"column":8},"end":{"line":29,"column":null}},"6":{"start":{"line":31,"column":2},"end":{"line":40,"column":null}},"7":{"start":{"line":32,"column":4},"end":{"line":32,"column":null}},"8":{"start":{"line":33,"column":4},"end":{"line":33,"column":null}},"9":{"start":{"line":34,"column":4},"end":{"line":34,"column":null}},"10":{"start":{"line":35,"column":4},"end":{"line":35,"column":null}},"11":{"start":{"line":36,"column":4},"end":{"line":36,"column":null}},"12":{"start":{"line":37,"column":4},"end":{"line":39,"column":null}},"13":{"start":{"line":38,"column":6},"end":{"line":38,"column":null}},"14":{"start":{"line":42,"column":24},"end":{"line":69,"column":null}},"15":{"start":{"line":43,"column":4},"end":{"line":43,"column":null}},"16":{"start":{"line":43,"column":68},"end":{"line":43,"column":null}},"17":{"start":{"line":44,"column":4},"end":{"line":44,"column":null}},"18":{"start":{"line":45,"column":4},"end":{"line":45,"column":null}},"19":{"start":{"line":46,"column":4},"end":{"line":46,"column":null}},"20":{"start":{"line":47,"column":4},"end":{"line":68,"column":null}},"21":{"start":{"line":48,"column":6},"end":{"line":64,"column":null}},"22":{"start":{"line":49,"column":8},"end":{"line":49,"column":null}},"23":{"start":{"line":49,"column":33},"end":{"line":49,"column":null}},"24":{"start":{"line":50,"column":8},"end":{"line":54,"column":null}},"25":{"start":{"line":51,"column":10},"end":{"line":51,"column":null}},"26":{"start":{"line":52,"column":10},"end":{"line":52,"column":null}},"27":{"start":{"line":53,"column":10},"end":{"line":53,"column":null}},"28":{"start":{"line":55,"column":8},"end":{"line":58,"column":null}},"29":{"start":{"line":56,"column":10},"end":{"line":56,"column":null}},"30":{"start":{"line":57,"column":10},"end":{"line":57,"column":null}},"31":{"start":{"line":57,"column":35},"end":{"line":57,"column":58}},"32":{"start":{"line":59,"column":8},"end":{"line":63,"column":null}},"33":{"start":{"line":60,"column":10},"end":{"line":60,"column":null}},"34":{"start":{"line":61,"column":10},"end":{"line":61,"column":null}},"35":{"start":{"line":61,"column":33},"end":{"line":61,"column":null}},"36":{"start":{"line":62,"column":10},"end":{"line":62,"column":null}},"37":{"start":{"line":66,"column":6},"end":{"line":66,"column":null}},"38":{"start":{"line":67,"column":6},"end":{"line":67,"column":null}},"39":{"start":{"line":71,"column":2},"end":{"line":165,"column":null}},"40":{"start":{"line":134,"column":37},"end":{"line":134,"column":55}}},"fnMap":{"0":{"name":"NarrativeCard","decl":{"start":{"line":24,"column":16},"end":{"line":24,"column":30}},"loc":{"start":{"line":24,"column":73},"end":{"line":167,"column":null}},"line":24},"1":{"name":"(anonymous_1)","decl":{"start":{"line":31,"column":2},"end":{"line":31,"column":18}},"loc":{"start":{"line":31,"column":18},"end":{"line":40,"column":5}},"line":31},"2":{"name":"(anonymous_2)","decl":{"start":{"line":37,"column":4},"end":{"line":37,"column":17}},"loc":{"start":{"line":37,"column":17},"end":{"line":39,"column":null}},"line":37},"3":{"name":"(anonymous_3)","decl":{"start":{"line":42,"column":24},"end":{"line":42,"column":36}},"loc":{"start":{"line":42,"column":36},"end":{"line":69,"column":null}},"line":42},"4":{"name":"(anonymous_4)","decl":{"start":{"line":48,"column":36},"end":{"line":48,"column":48}},"loc":{"start":{"line":48,"column":58},"end":{"line":64,"column":7}},"line":48},"5":{"name":"(anonymous_5)","decl":{"start":{"line":57,"column":10},"end":{"line":57,"column":26}},"loc":{"start":{"line":57,"column":35},"end":{"line":57,"column":58}},"line":57},"6":{"name":"(anonymous_6)","decl":{"start":{"line":134,"column":22},"end":{"line":134,"column":37}},"loc":{"start":{"line":134,"column":37},"end":{"line":134,"column":55}},"line":134}},"branchMap":{"0":{"loc":{"start":{"line":43,"column":4},"end":{"line":43,"column":null}},"type":"if","locations":[{"start":{"line":43,"column":4},"end":{"line":43,"column":null}},{"start":{},"end":{}}],"line":43},"1":{"loc":{"start":{"line":43,"column":8},"end":{"line":43,"column":68}},"type":"binary-expr","locations":[{"start":{"line":43,"column":8},"end":{"line":43,"column":22}},{"start":{"line":43,"column":22},"end":{"line":43,"column":45}},{"start":{"line":43,"column":45},"end":{"line":43,"column":68}}],"line":43},"2":{"loc":{"start":{"line":49,"column":8},"end":{"line":49,"column":null}},"type":"if","locations":[{"start":{"line":49,"column":8},"end":{"line":49,"column":null}},{"start":{},"end":{}}],"line":49},"3":{"loc":{"start":{"line":50,"column":8},"end":{"line":54,"column":null}},"type":"if","locations":[{"start":{"line":50,"column":8},"end":{"line":54,"column":null}},{"start":{},"end":{}}],"line":50},"4":{"loc":{"start":{"line":55,"column":8},"end":{"line":58,"column":null}},"type":"if","locations":[{"start":{"line":55,"column":8},"end":{"line":58,"column":null}},{"start":{},"end":{}}],"line":55},"5":{"loc":{"start":{"line":59,"column":8},"end":{"line":63,"column":null}},"type":"if","locations":[{"start":{"line":59,"column":8},"end":{"line":63,"column":null}},{"start":{},"end":{}}],"line":59},"6":{"loc":{"start":{"line":61,"column":10},"end":{"line":61,"column":null}},"type":"if","locations":[{"start":{"line":61,"column":10},"end":{"line":61,"column":null}},{"start":{},"end":{}}],"line":61},"7":{"loc":{"start":{"line":66,"column":15},"end":{"line":66,"column":85}},"type":"cond-expr","locations":[{"start":{"line":66,"column":38},"end":{"line":66,"column":52}},{"start":{"line":66,"column":52},"end":{"line":66,"column":85}}],"line":66},"8":{"loc":{"start":{"line":88,"column":9},"end":{"line":109,"column":null}},"type":"binary-expr","locations":[{"start":{"line":88,"column":9},"end":{"line":88,"column":null}},{"start":{"line":89,"column":10},"end":{"line":109,"column":null}}],"line":88},"9":{"loc":{"start":{"line":112,"column":9},"end":{"line":116,"column":null}},"type":"binary-expr","locations":[{"start":{"line":112,"column":9},"end":{"line":112,"column":null}},{"start":{"line":113,"column":10},"end":{"line":116,"column":null}}],"line":112},"10":{"loc":{"start":{"line":119,"column":10},"end":{"line":125,"column":null}},"type":"binary-expr","locations":[{"start":{"line":119,"column":10},"end":{"line":119,"column":35}},{"start":{"line":119,"column":35},"end":{"line":119,"column":null}},{"start":{"line":120,"column":10},"end":{"line":125,"column":null}}],"line":119},"11":{"loc":{"start":{"line":122,"column":13},"end":{"line":125,"column":null}},"type":"binary-expr","locations":[{"start":{"line":122,"column":13},"end":{"line":122,"column":null}},{"start":{"line":123,"column":14},"end":{"line":125,"column":null}}],"line":122},"12":{"loc":{"start":{"line":128,"column":9},"end":{"line":138,"column":null}},"type":"binary-expr","locations":[{"start":{"line":128,"column":9},"end":{"line":128,"column":null}},{"start":{"line":129,"column":10},"end":{"line":138,"column":null}}],"line":128},"13":{"loc":{"start":{"line":133,"column":66},"end":{"line":133,"column":111}},"type":"binary-expr","locations":[{"start":{"line":133,"column":66},"end":{"line":133,"column":75}},{"start":{"line":133,"column":75},"end":{"line":133,"column":111}}],"line":133},"14":{"loc":{"start":{"line":142,"column":7},"end":{"line":163,"column":null}},"type":"binary-expr","locations":[{"start":{"line":142,"column":7},"end":{"line":142,"column":15}},{"start":{"line":142,"column":15},"end":{"line":142,"column":null}},{"start":{"line":143,"column":8},"end":{"line":163,"column":null}}],"line":142},"15":{"loc":{"start":{"line":145,"column":13},"end":{"line":153,"column":13}},"type":"cond-expr","locations":[{"start":{"line":146,"column":14},"end":{"line":151,"column":15}},{"start":{"line":151,"column":14},"end":{"line":153,"column":13}}],"line":145},"16":{"loc":{"start":{"line":145,"column":13},"end":{"line":145,"column":null}},"type":"binary-expr","locations":[{"start":{"line":145,"column":13},"end":{"line":145,"column":30}},{"start":{"line":145,"column":30},"end":{"line":145,"column":null}}],"line":145},"17":{"loc":{"start":{"line":151,"column":119},"end":{"line":151,"column":159}},"type":"binary-expr","locations":[{"start":{"line":151,"column":119},"end":{"line":151,"column":133}},{"start":{"line":151,"column":133},"end":{"line":151,"column":159}}],"line":151},"18":{"loc":{"start":{"line":155,"column":28},"end":{"line":155,"column":87}},"type":"cond-expr","locations":[{"start":{"line":155,"column":44},"end":{"line":155,"column":71}},{"start":{"line":155,"column":71},"end":{"line":155,"column":87}}],"line":155},"19":{"loc":{"start":{"line":159,"column":28},"end":{"line":159,"column":52}},"type":"binary-expr","locations":[{"start":{"line":159,"column":28},"end":{"line":159,"column":49}},{"start":{"line":159,"column":49},"end":{"line":159,"column":52}}],"line":159},"20":{"loc":{"start":{"line":160,"column":13},"end":{"line":160,"column":null}},"type":"binary-expr","locations":[{"start":{"line":160,"column":13},"end":{"line":160,"column":28}},{"start":{"line":160,"column":28},"end":{"line":160,"column":null}}],"line":160},"21":{"loc":{"start":{"line":161,"column":13},"end":{"line":161,"column":null}},"type":"binary-expr","locations":[{"start":{"line":161,"column":13},"end":{"line":161,"column":31}},{"start":{"line":161,"column":31},"end":{"line":161,"column":null}}],"line":161}},"s":{"0":1,"1":12,"2":12,"3":12,"4":12,"5":12,"6":12,"7":4,"8":4,"9":4,"10":4,"11":4,"12":4,"13":4,"14":12,"15":3,"16":0,"17":3,"18":3,"19":3,"20":3,"21":3,"22":4,"23":0,"24":4,"25":1,"26":1,"27":1,"28":3,"29":2,"30":2,"31":4,"32":3,"33":1,"34":1,"35":1,"36":1,"37":1,"38":1,"39":12,"40":1},"f":{"0":12,"1":4,"2":4,"3":3,"4":4,"5":4,"6":1},"b":{"0":[0,3],"1":[3,3,3],"2":[0,4],"3":[1,3],"4":[2,1],"5":[1,2],"6":[1,0],"7":[1,0],"8":[12,5],"9":[12,2],"10":[12,12,2],"11":[2,0],"12":[12,3],"13":[3,0],"14":[12,2,2],"15":[2,0],"16":[2,2],"17":[0,0],"18":[2,0],"19":[2,0],"20":[2,2],"21":[2,0]},"meta":{"lastBranch":22,"lastFunction":7,"lastStatement":41,"seen":{"s:6:86:22:Infinity":0,"f:24:16:24:30":0,"s:25:16:25:Infinity":1,"s:26:22:26:Infinity":2,"s:27:15:27:Infinity":3,"s:28:16:28:Infinity":4,"s:29:8:29:Infinity":5,"s:31:2:40:Infinity":6,"f:31:2:31:18":1,"s:32:4:32:Infinity":7,"s:33:4:33:Infinity":8,"s:34:4:34:Infinity":9,"s:35:4:35:Infinity":10,"s:36:4:36:Infinity":11,"s:37:4:39:Infinity":12,"f:37:4:37:17":2,"s:38:6:38:Infinity":13,"s:42:24:69:Infinity":14,"f:42:24:42:36":3,"b:43:4:43:Infinity:undefined:undefined:undefined:undefined":0,"s:43:4:43:Infinity":15,"b:43:8:43:22:43:22:43:45:43:45:43:68":1,"s:43:68:43:Infinity":16,"s:44:4:44:Infinity":17,"s:45:4:45:Infinity":18,"s:46:4:46:Infinity":19,"s:47:4:68:Infinity":20,"s:48:6:64:Infinity":21,"f:48:36:48:48":4,"b:49:8:49:Infinity:undefined:undefined:undefined:undefined":2,"s:49:8:49:Infinity":22,"s:49:33:49:Infinity":23,"b:50:8:54:Infinity:undefined:undefined:undefined:undefined":3,"s:50:8:54:Infinity":24,"s:51:10:51:Infinity":25,"s:52:10:52:Infinity":26,"s:53:10:53:Infinity":27,"b:55:8:58:Infinity:undefined:undefined:undefined:undefined":4,"s:55:8:58:Infinity":28,"s:56:10:56:Infinity":29,"s:57:10:57:Infinity":30,"f:57:10:57:26":5,"s:57:35:57:58":31,"b:59:8:63:Infinity:undefined:undefined:undefined:undefined":5,"s:59:8:63:Infinity":32,"s:60:10:60:Infinity":33,"b:61:10:61:Infinity:undefined:undefined:undefined:undefined":6,"s:61:10:61:Infinity":34,"s:61:33:61:Infinity":35,"s:62:10:62:Infinity":36,"s:66:6:66:Infinity":37,"b:66:38:66:52:66:52:66:85":7,"s:67:6:67:Infinity":38,"s:71:2:165:Infinity":39,"b:88:9:88:Infinity:89:10:109:Infinity":8,"b:112:9:112:Infinity:113:10:116:Infinity":9,"b:119:10:119:35:119:35:119:Infinity:120:10:125:Infinity":10,"b:122:13:122:Infinity:123:14:125:Infinity":11,"b:128:9:128:Infinity:129:10:138:Infinity":12,"b:133:66:133:75:133:75:133:111":13,"f:134:22:134:37":6,"s:134:37:134:55":40,"b:142:7:142:15:142:15:142:Infinity:143:8:163:Infinity":14,"b:146:14:151:15:151:14:153:13":15,"b:145:13:145:30:145:30:145:Infinity":16,"b:151:119:151:133:151:133:151:159":17,"b:155:44:155:71:155:71:155:87":18,"b:159:28:159:49:159:49:159:52":19,"b:160:13:160:28:160:28:160:Infinity":20,"b:161:13:161:31:161:31:161:Infinity":21},"fnNames":{}}}
,"/Users/eshaanog/Documents/CommitIQ---/frontend/src/components/ui/HealthBadge.tsx": {"path":"/Users/eshaanog/Documents/CommitIQ---/frontend/src/components/ui/HealthBadge.tsx","statementMap":{"0":{"start":{"line":6,"column":8},"end":{"line":6,"column":null}},"1":{"start":{"line":7,"column":8},"end":{"line":7,"column":null}},"2":{"start":{"line":8,"column":16},"end":{"line":12,"column":null}},"3":{"start":{"line":13,"column":43},"end":{"line":20,"column":null}},"4":{"start":{"line":22,"column":2},"end":{"line":46,"column":null}}},"fnMap":{"0":{"name":"HealthBadge","decl":{"start":{"line":5,"column":16},"end":{"line":5,"column":28}},"loc":{"start":{"line":5,"column":77},"end":{"line":48,"column":null}},"line":5}},"branchMap":{"0":{"loc":{"start":{"line":5,"column":44},"end":{"line":5,"column":77}},"type":"default-arg","locations":[{"start":{"line":5,"column":51},"end":{"line":5,"column":77}}],"line":5},"1":{"loc":{"start":{"line":33,"column":10},"end":{"line":33,"column":null}},"type":"cond-expr","locations":[{"start":{"line":33,"column":26},"end":{"line":33,"column":42}},{"start":{"line":33,"column":42},"end":{"line":33,"column":null}}],"line":33},"2":{"loc":{"start":{"line":33,"column":42},"end":{"line":33,"column":null}},"type":"cond-expr","locations":[{"start":{"line":33,"column":58},"end":{"line":33,"column":70}},{"start":{"line":33,"column":70},"end":{"line":33,"column":null}}],"line":33},"3":{"loc":{"start":{"line":41,"column":7},"end":{"line":44,"column":null}},"type":"binary-expr","locations":[{"start":{"line":41,"column":7},"end":{"line":41,"column":30}},{"start":{"line":41,"column":30},"end":{"line":41,"column":null}},{"start":{"line":42,"column":8},"end":{"line":44,"column":null}}],"line":41},"4":{"loc":{"start":{"line":42,"column":57},"end":{"line":42,"column":106}},"type":"cond-expr","locations":[{"start":{"line":42,"column":70},"end":{"line":42,"column":91}},{"start":{"line":42,"column":91},"end":{"line":42,"column":106}}],"line":42},"5":{"loc":{"start":{"line":43,"column":11},"end":{"line":43,"column":null}},"type":"cond-expr","locations":[{"start":{"line":43,"column":24},"end":{"line":43,"column":49}},{"start":{"line":43,"column":49},"end":{"line":43,"column":null}}],"line":43}},"s":{"0":16,"1":16,"2":16,"3":16,"4":16},"f":{"0":16},"b":{"0":[16],"1":[0,16],"2":[16,0],"3":[16,2,2],"4":[1,1],"5":[1,1]},"meta":{"lastBranch":6,"lastFunction":1,"lastStatement":5,"seen":{"f:5:16:5:28":0,"b:5:51:5:77":0,"s:6:8:6:Infinity":0,"s:7:8:7:Infinity":1,"s:8:16:12:Infinity":2,"s:13:43:20:Infinity":3,"s:22:2:46:Infinity":4,"b:33:26:33:42:33:42:33:Infinity":1,"b:33:58:33:70:33:70:33:Infinity":2,"b:41:7:41:30:41:30:41:Infinity:42:8:44:Infinity":3,"b:42:70:42:91:42:91:42:106":4,"b:43:24:43:49:43:49:43:Infinity":5},"fnNames":{}}}
,"/Users/eshaanog/Documents/CommitIQ---/frontend/src/components/ui/ThemeToggle.tsx": {"path":"/Users/eshaanog/Documents/CommitIQ---/frontend/src/components/ui/ThemeToggle.tsx","statementMap":{"0":{"start":{"line":4,"column":2},"end":{"line":9,"column":null}},"1":{"start":{"line":5,"column":18},"end":{"line":5,"column":null}},"2":{"start":{"line":6,"column":4},"end":{"line":6,"column":null}},"3":{"start":{"line":8,"column":4},"end":{"line":8,"column":null}},"4":{"start":{"line":13,"column":2},"end":{"line":17,"column":null}},"5":{"start":{"line":14,"column":4},"end":{"line":14,"column":null}},"6":{"start":{"line":21,"column":16},"end":{"line":21,"column":null}},"7":{"start":{"line":21,"column":61},"end":{"line":21,"column":87}},"8":{"start":{"line":23,"column":2},"end":{"line":31,"column":null}},"9":{"start":{"line":24,"column":17},"end":{"line":24,"column":null}},"10":{"start":{"line":25,"column":4},"end":{"line":29,"column":null}},"11":{"start":{"line":26,"column":6},"end":{"line":26,"column":null}},"12":{"start":{"line":28,"column":6},"end":{"line":28,"column":null}},"13":{"start":{"line":30,"column":4},"end":{"line":30,"column":null}},"14":{"start":{"line":33,"column":8},"end":{"line":35,"column":null}},"15":{"start":{"line":34,"column":4},"end":{"line":34,"column":null}},"16":{"start":{"line":34,"column":22},"end":{"line":34,"column":58}},"17":{"start":{"line":37,"column":2},"end":{"line":72,"column":null}}},"fnMap":{"0":{"name":"getStoredTheme","decl":{"start":{"line":3,"column":9},"end":{"line":3,"column":51}},"loc":{"start":{"line":3,"column":51},"end":{"line":10,"column":null}},"line":3},"1":{"name":"storeTheme","decl":{"start":{"line":12,"column":9},"end":{"line":12,"column":20}},"loc":{"start":{"line":12,"column":45},"end":{"line":18,"column":null}},"line":12},"2":{"name":"ThemeToggle","decl":{"start":{"line":20,"column":16},"end":{"line":20,"column":30}},"loc":{"start":{"line":20,"column":30},"end":{"line":74,"column":null}},"line":20},"3":{"name":"(anonymous_3)","decl":{"start":{"line":21,"column":28},"end":{"line":21,"column":61}},"loc":{"start":{"line":21,"column":61},"end":{"line":21,"column":87}},"line":21},"4":{"name":"(anonymous_4)","decl":{"start":{"line":23,"column":2},"end":{"line":23,"column":18}},"loc":{"start":{"line":23,"column":18},"end":{"line":31,"column":5}},"line":23},"5":{"name":"(anonymous_5)","decl":{"start":{"line":33,"column":8},"end":{"line":33,"column":28}},"loc":{"start":{"line":33,"column":28},"end":{"line":35,"column":null}},"line":33},"6":{"name":"(anonymous_6)","decl":{"start":{"line":34,"column":4},"end":{"line":34,"column":13}},"loc":{"start":{"line":34,"column":22},"end":{"line":34,"column":58}},"line":34}},"branchMap":{"0":{"loc":{"start":{"line":6,"column":11},"end":{"line":6,"column":null}},"type":"cond-expr","locations":[{"start":{"line":6,"column":51},"end":{"line":6,"column":59}},{"start":{"line":6,"column":59},"end":{"line":6,"column":null}}],"line":6},"1":{"loc":{"start":{"line":6,"column":11},"end":{"line":6,"column":51}},"type":"binary-expr","locations":[{"start":{"line":6,"column":11},"end":{"line":6,"column":32}},{"start":{"line":6,"column":32},"end":{"line":6,"column":51}}],"line":6},"2":{"loc":{"start":{"line":21,"column":61},"end":{"line":21,"column":87}},"type":"binary-expr","locations":[{"start":{"line":21,"column":61},"end":{"line":21,"column":81}},{"start":{"line":21,"column":81},"end":{"line":21,"column":87}}],"line":21},"3":{"loc":{"start":{"line":25,"column":4},"end":{"line":29,"column":null}},"type":"if","locations":[{"start":{"line":25,"column":4},"end":{"line":29,"column":null}},{"start":{"line":27,"column":11},"end":{"line":29,"column":null}}],"line":25},"4":{"loc":{"start":{"line":34,"column":22},"end":{"line":34,"column":58}},"type":"cond-expr","locations":[{"start":{"line":34,"column":41},"end":{"line":34,"column":50}},{"start":{"line":34,"column":50},"end":{"line":34,"column":58}}],"line":34},"5":{"loc":{"start":{"line":41,"column":31},"end":{"line":41,"column":68}},"type":"cond-expr","locations":[{"start":{"line":41,"column":51},"end":{"line":41,"column":60}},{"start":{"line":41,"column":60},"end":{"line":41,"column":68}}],"line":41},"6":{"loc":{"start":{"line":45,"column":12},"end":{"line":45,"column":null}},"type":"cond-expr","locations":[{"start":{"line":45,"column":31},"end":{"line":45,"column":97}},{"start":{"line":45,"column":97},"end":{"line":45,"column":null}}],"line":45},"7":{"loc":{"start":{"line":48,"column":9},"end":{"line":56,"column":null}},"type":"cond-expr","locations":[{"start":{"line":49,"column":10},"end":{"line":53,"column":11}},{"start":{"line":53,"column":10},"end":{"line":56,"column":null}}],"line":48},"8":{"loc":{"start":{"line":60,"column":115},"end":{"line":60,"column":null}},"type":"cond-expr","locations":[{"start":{"line":60,"column":135},"end":{"line":60,"column":149}},{"start":{"line":60,"column":149},"end":{"line":60,"column":null}}],"line":60},"9":{"loc":{"start":{"line":67,"column":116},"end":{"line":67,"column":null}},"type":"cond-expr","locations":[{"start":{"line":67,"column":135},"end":{"line":67,"column":149}},{"start":{"line":67,"column":149},"end":{"line":67,"column":null}}],"line":67}},"s":{"0":9,"1":9,"2":9,"3":1,"4":10,"5":10,"6":104,"7":9,"8":104,"9":10,"10":10,"11":9,"12":1,"13":10,"14":104,"15":1,"16":1,"17":104},"f":{"0":9,"1":10,"2":104,"3":9,"4":10,"5":1,"6":1},"b":{"0":[0,8],"1":[9,8],"2":[9,9],"3":[9,1],"4":[0,1],"5":[1,103],"6":[103,1],"7":[103,1],"8":[1,103],"9":[103,1]},"meta":{"lastBranch":10,"lastFunction":7,"lastStatement":18,"seen":{"f:3:9:3:51":0,"s:4:2:9:Infinity":0,"s:5:18:5:Infinity":1,"s:6:4:6:Infinity":2,"b:6:51:6:59:6:59:6:Infinity":0,"b:6:11:6:32:6:32:6:51":1,"s:8:4:8:Infinity":3,"f:12:9:12:20":1,"s:13:2:17:Infinity":4,"s:14:4:14:Infinity":5,"f:20:16:20:30":2,"s:21:16:21:Infinity":6,"f:21:28:21:61":3,"s:21:61:21:87":7,"b:21:61:21:81:21:81:21:87":2,"s:23:2:31:Infinity":8,"f:23:2:23:18":4,"s:24:17:24:Infinity":9,"b:25:4:29:Infinity:27:11:29:Infinity":3,"s:25:4:29:Infinity":10,"s:26:6:26:Infinity":11,"s:28:6:28:Infinity":12,"s:30:4:30:Infinity":13,"s:33:8:35:Infinity":14,"f:33:8:33:28":5,"s:34:4:34:Infinity":15,"f:34:4:34:13":6,"s:34:22:34:58":16,"b:34:41:34:50:34:50:34:58":4,"s:37:2:72:Infinity":17,"b:41:51:41:60:41:60:41:68":5,"b:45:31:45:97:45:97:45:Infinity":6,"b:49:10:53:11:53:10:56:Infinity":7,"b:60:135:60:149:60:149:60:Infinity":8,"b:67:135:67:149:67:149:67:Infinity":9},"fnNames":{}}}
,"/Users/eshaanog/Documents/CommitIQ---/frontend/src/lib/api.ts": {"path":"/Users/eshaanog/Documents/CommitIQ---/frontend/src/lib/api.ts","statementMap":{"0":{"start":{"line":20,"column":6},"end":{"line":20,"column":null}},"1":{"start":{"line":21,"column":17},"end":{"line":21,"column":null}},"2":{"start":{"line":23,"column":15},"end":{"line":27,"column":null}},"3":{"start":{"line":30,"column":2},"end":{"line":37,"column":null}},"4":{"start":{"line":31,"column":23},"end":{"line":31,"column":null}},"5":{"start":{"line":32,"column":17},"end":{"line":32,"column":null}},"6":{"start":{"line":33,"column":4},"end":{"line":33,"column":null}},"7":{"start":{"line":33,"column":34},"end":{"line":33,"column":null}},"8":{"start":{"line":34,"column":4},"end":{"line":34,"column":null}},"9":{"start":{"line":34,"column":22},"end":{"line":34,"column":null}},"10":{"start":{"line":35,"column":4},"end":{"line":35,"column":null}},"11":{"start":{"line":35,"column":23},"end":{"line":35,"column":null}},"12":{"start":{"line":36,"column":4},"end":{"line":36,"column":null}},"13":{"start":{"line":38,"column":2},"end":{"line":38,"column":null}},"14":{"start":{"line":42,"column":2},"end":{"line":47,"column":null}},"15":{"start":{"line":43,"column":21},"end":{"line":43,"column":null}},"16":{"start":{"line":44,"column":4},"end":{"line":44,"column":null}},"17":{"start":{"line":46,"column":4},"end":{"line":46,"column":null}},"18":{"start":{"line":51,"column":2},"end":{"line":53,"column":null}},"19":{"start":{"line":57,"column":2},"end":{"line":57,"column":null}},"20":{"start":{"line":61,"column":2},"end":{"line":61,"column":null}},"21":{"start":{"line":65,"column":15},"end":{"line":65,"column":null}},"22":{"start":{"line":66,"column":2},"end":{"line":66,"column":null}},"23":{"start":{"line":73,"column":2},"end":{"line":73,"column":null}},"24":{"start":{"line":77,"column":2},"end":{"line":79,"column":null}},"25":{"start":{"line":83,"column":2},"end":{"line":83,"column":null}},"26":{"start":{"line":91,"column":2},"end":{"line":95,"column":null}},"27":{"start":{"line":99,"column":2},"end":{"line":101,"column":null}},"28":{"start":{"line":105,"column":2},"end":{"line":111,"column":null}},"29":{"start":{"line":115,"column":34},"end":{"line":119,"column":null}},"30":{"start":{"line":120,"column":2},"end":{"line":120,"column":null}},"31":{"start":{"line":124,"column":2},"end":{"line":124,"column":null}},"32":{"start":{"line":128,"column":2},"end":{"line":128,"column":null}},"33":{"start":{"line":132,"column":2},"end":{"line":132,"column":null}},"34":{"start":{"line":140,"column":19},"end":{"line":148,"column":null}},"35":{"start":{"line":150,"column":2},"end":{"line":153,"column":null}},"36":{"start":{"line":151,"column":17},"end":{"line":151,"column":null}},"37":{"start":{"line":151,"column":51},"end":{"line":151,"column":55}},"38":{"start":{"line":152,"column":4},"end":{"line":152,"column":null}},"39":{"start":{"line":155,"column":2},"end":{"line":157,"column":null}},"40":{"start":{"line":156,"column":4},"end":{"line":156,"column":null}},"41":{"start":{"line":159,"column":17},"end":{"line":159,"column":null}},"42":{"start":{"line":160,"column":18},"end":{"line":160,"column":null}},"43":{"start":{"line":161,"column":15},"end":{"line":161,"column":null}},"44":{"start":{"line":163,"column":2},"end":{"line":178,"column":null}},"45":{"start":{"line":164,"column":28},"end":{"line":164,"column":null}},"46":{"start":{"line":165,"column":4},"end":{"line":165,"column":null}},"47":{"start":{"line":165,"column":14},"end":{"line":165,"column":null}},"48":{"start":{"line":167,"column":4},"end":{"line":167,"column":null}},"49":{"start":{"line":168,"column":19},"end":{"line":168,"column":null}},"50":{"start":{"line":169,"column":4},"end":{"line":169,"column":null}},"51":{"start":{"line":171,"column":4},"end":{"line":177,"column":null}},"52":{"start":{"line":172,"column":19},"end":{"line":172,"column":null}},"53":{"start":{"line":172,"column":52},"end":{"line":172,"column":77}},"54":{"start":{"line":173,"column":6},"end":{"line":173,"column":null}},"55":{"start":{"line":173,"column":17},"end":{"line":173,"column":null}},"56":{"start":{"line":174,"column":22},"end":{"line":174,"column":null}},"57":{"start":{"line":175,"column":6},"end":{"line":175,"column":null}},"58":{"start":{"line":175,"column":20},"end":{"line":175,"column":null}},"59":{"start":{"line":176,"column":6},"end":{"line":176,"column":null}},"60":{"start":{"line":180,"column":2},"end":{"line":182,"column":null}},"61":{"start":{"line":181,"column":4},"end":{"line":181,"column":null}}},"fnMap":{"0":{"name":"normalizeError","decl":{"start":{"line":29,"column":9},"end":{"line":29,"column":24}},"loc":{"start":{"line":29,"column":47},"end":{"line":39,"column":null}},"line":29},"1":{"name":"request","decl":{"start":{"line":41,"column":15},"end":{"line":41,"column":26}},"loc":{"start":{"line":41,"column":69},"end":{"line":48,"column":null}},"line":41},"2":{"name":"ingestRepo","decl":{"start":{"line":50,"column":22},"end":{"line":50,"column":33}},"loc":{"start":{"line":50,"column":92},"end":{"line":54,"column":null}},"line":50},"3":{"name":"getRepoBySlug","decl":{"start":{"line":56,"column":22},"end":{"line":56,"column":36}},"loc":{"start":{"line":56,"column":65},"end":{"line":58,"column":null}},"line":56},"4":{"name":"getRepo","decl":{"start":{"line":60,"column":22},"end":{"line":60,"column":30}},"loc":{"start":{"line":60,"column":70},"end":{"line":62,"column":null}},"line":60},"5":{"name":"getHealthTimeline","decl":{"start":{"line":64,"column":22},"end":{"line":64,"column":40}},"loc":{"start":{"line":64,"column":92},"end":{"line":67,"column":null}},"line":64},"6":{"name":"getCommitDetail","decl":{"start":{"line":69,"column":22},"end":{"line":69,"column":null}},"loc":{"start":{"line":72,"column":33},"end":{"line":74,"column":null}},"line":72},"7":{"name":"getGraph","decl":{"start":{"line":76,"column":22},"end":{"line":76,"column":31}},"loc":{"start":{"line":76,"column":94},"end":{"line":80,"column":null}},"line":76},"8":{"name":"getBusFactor","decl":{"start":{"line":82,"column":22},"end":{"line":82,"column":35}},"loc":{"start":{"line":82,"column":87},"end":{"line":84,"column":null}},"line":82},"9":{"name":"getGraphDiff","decl":{"start":{"line":86,"column":22},"end":{"line":86,"column":null}},"loc":{"start":{"line":90,"column":30},"end":{"line":96,"column":null}},"line":90},"10":{"name":"getHotspots","decl":{"start":{"line":98,"column":22},"end":{"line":98,"column":34}},"loc":{"start":{"line":98,"column":99},"end":{"line":102,"column":null}},"line":98},"11":{"name":"getNarrative","decl":{"start":{"line":104,"column":22},"end":{"line":104,"column":35}},"loc":{"start":{"line":104,"column":96},"end":{"line":112,"column":null}},"line":104},"12":{"name":"predictMerge","decl":{"start":{"line":114,"column":22},"end":{"line":114,"column":35}},"loc":{"start":{"line":114,"column":96},"end":{"line":121,"column":null}},"line":114},"13":{"name":"getLLMUsage","decl":{"start":{"line":123,"column":22},"end":{"line":123,"column":34}},"loc":{"start":{"line":123,"column":78},"end":{"line":125,"column":null}},"line":123},"14":{"name":"getIngestProgress","decl":{"start":{"line":127,"column":16},"end":{"line":127,"column":34}},"loc":{"start":{"line":127,"column":72},"end":{"line":129,"column":null}},"line":127},"15":{"name":"cancelIngest","decl":{"start":{"line":131,"column":22},"end":{"line":131,"column":35}},"loc":{"start":{"line":131,"column":83},"end":{"line":133,"column":null}},"line":131},"16":{"name":"streamNarrative","decl":{"start":{"line":135,"column":22},"end":{"line":135,"column":null}},"loc":{"start":{"line":139,"column":17},"end":{"line":183,"column":null}},"line":139},"17":{"name":"(anonymous_17)","decl":{"start":{"line":151,"column":39},"end":{"line":151,"column":51}},"loc":{"start":{"line":151,"column":51},"end":{"line":151,"column":55}},"line":151},"18":{"name":"(anonymous_18)","decl":{"start":{"line":172,"column":37},"end":{"line":172,"column":43}},"loc":{"start":{"line":172,"column":52},"end":{"line":172,"column":77}},"line":172}},"branchMap":{"0":{"loc":{"start":{"line":20,"column":18},"end":{"line":20,"column":59}},"type":"binary-expr","locations":[{"start":{"line":20,"column":18},"end":{"line":20,"column":55}},{"start":{"line":20,"column":55},"end":{"line":20,"column":59}}],"line":20},"1":{"loc":{"start":{"line":30,"column":2},"end":{"line":37,"column":null}},"type":"if","locations":[{"start":{"line":30,"column":2},"end":{"line":37,"column":null}},{"start":{},"end":{}}],"line":30},"2":{"loc":{"start":{"line":33,"column":4},"end":{"line":33,"column":null}},"type":"if","locations":[{"start":{"line":33,"column":4},"end":{"line":33,"column":null}},{"start":{},"end":{}}],"line":33},"3":{"loc":{"start":{"line":34,"column":4},"end":{"line":34,"column":null}},"type":"if","locations":[{"start":{"line":34,"column":4},"end":{"line":34,"column":null}},{"start":{},"end":{}}],"line":34},"4":{"loc":{"start":{"line":35,"column":4},"end":{"line":35,"column":null}},"type":"if","locations":[{"start":{"line":35,"column":4},"end":{"line":35,"column":null}},{"start":{},"end":{}}],"line":35},"5":{"loc":{"start":{"line":38,"column":9},"end":{"line":38,"column":null}},"type":"cond-expr","locations":[{"start":{"line":38,"column":34},"end":{"line":38,"column":42}},{"start":{"line":38,"column":42},"end":{"line":38,"column":null}}],"line":38},"6":{"loc":{"start":{"line":52,"column":63},"end":{"line":52,"column":81}},"type":"binary-expr","locations":[{"start":{"line":52,"column":63},"end":{"line":52,"column":77}},{"start":{"line":52,"column":77},"end":{"line":52,"column":81}}],"line":52},"7":{"loc":{"start":{"line":78,"column":51},"end":{"line":78,"column":77}},"type":"cond-expr","locations":[{"start":{"line":78,"column":57},"end":{"line":78,"column":67}},{"start":{"line":78,"column":67},"end":{"line":78,"column":77}}],"line":78},"8":{"loc":{"start":{"line":100,"column":54},"end":{"line":100,"column":80}},"type":"cond-expr","locations":[{"start":{"line":100,"column":60},"end":{"line":100,"column":70}},{"start":{"line":100,"column":70},"end":{"line":100,"column":80}}],"line":100},"9":{"loc":{"start":{"line":150,"column":2},"end":{"line":153,"column":null}},"type":"if","locations":[{"start":{"line":150,"column":2},"end":{"line":153,"column":null}},{"start":{},"end":{}}],"line":150},"10":{"loc":{"start":{"line":152,"column":20},"end":{"line":152,"column":82}},"type":"binary-expr","locations":[{"start":{"line":152,"column":20},"end":{"line":152,"column":36}},{"start":{"line":152,"column":36},"end":{"line":152,"column":82}}],"line":152},"11":{"loc":{"start":{"line":155,"column":2},"end":{"line":157,"column":null}},"type":"if","locations":[{"start":{"line":155,"column":2},"end":{"line":157,"column":null}},{"start":{},"end":{}}],"line":155},"12":{"loc":{"start":{"line":165,"column":4},"end":{"line":165,"column":null}},"type":"if","locations":[{"start":{"line":165,"column":4},"end":{"line":165,"column":null}},{"start":{},"end":{}}],"line":165},"13":{"loc":{"start":{"line":169,"column":13},"end":{"line":169,"column":null}},"type":"binary-expr","locations":[{"start":{"line":169,"column":13},"end":{"line":169,"column":29}},{"start":{"line":169,"column":29},"end":{"line":169,"column":null}}],"line":169},"14":{"loc":{"start":{"line":173,"column":6},"end":{"line":173,"column":null}},"type":"if","locations":[{"start":{"line":173,"column":6},"end":{"line":173,"column":null}},{"start":{},"end":{}}],"line":173},"15":{"loc":{"start":{"line":175,"column":6},"end":{"line":175,"column":null}},"type":"if","locations":[{"start":{"line":175,"column":6},"end":{"line":175,"column":null}},{"start":{},"end":{}}],"line":175},"16":{"loc":{"start":{"line":180,"column":2},"end":{"line":182,"column":null}},"type":"if","locations":[{"start":{"line":180,"column":2},"end":{"line":182,"column":null}},{"start":{},"end":{}}],"line":180}},"s":{"0":1,"1":1,"2":1,"3":0,"4":0,"5":0,"6":0,"7":0,"8":0,"9":0,"10":0,"11":0,"12":0,"13":0,"14":0,"15":0,"16":0,"17":0,"18":0,"19":0,"20":0,"21":0,"22":0,"23":0,"24":0,"25":0,"26":0,"27":0,"28":0,"29":0,"30":0,"31":0,"32":0,"33":0,"34":2,"35":2,"36":1,"37":0,"38":1,"39":1,"40":0,"41":1,"42":1,"43":1,"44":1,"45":5,"46":5,"47":1,"48":4,"49":4,"50":4,"51":5,"52":3,"53":3,"54":3,"55":0,"56":3,"57":3,"58":0,"59":3,"60":1,"61":0},"f":{"0":0,"1":0,"2":0,"3":0,"4":0,"5":0,"6":0,"7":0,"8":0,"9":0,"10":0,"11":0,"12":0,"13":0,"14":0,"15":0,"16":2,"17":0,"18":3},"b":{"0":[1,1],"1":[0,0],"2":[0,0],"3":[0,0],"4":[0,0],"5":[0,0],"6":[0,0],"7":[0,0],"8":[0,0],"9":[1,1],"10":[1,0],"11":[0,1],"12":[1,4],"13":[4,3],"14":[0,3],"15":[0,3],"16":[0,1]},"meta":{"lastBranch":17,"lastFunction":19,"lastStatement":62,"seen":{"s:20:6:20:Infinity":0,"b:20:18:20:55:20:55:20:59":0,"s:21:17:21:Infinity":1,"s:23:15:27:Infinity":2,"f:29:9:29:24":0,"b:30:2:37:Infinity:undefined:undefined:undefined:undefined":1,"s:30:2:37:Infinity":3,"s:31:23:31:Infinity":4,"s:32:17:32:Infinity":5,"b:33:4:33:Infinity:undefined:undefined:undefined:undefined":2,"s:33:4:33:Infinity":6,"s:33:34:33:Infinity":7,"b:34:4:34:Infinity:undefined:undefined:undefined:undefined":3,"s:34:4:34:Infinity":8,"s:34:22:34:Infinity":9,"b:35:4:35:Infinity:undefined:undefined:undefined:undefined":4,"s:35:4:35:Infinity":10,"s:35:23:35:Infinity":11,"s:36:4:36:Infinity":12,"s:38:2:38:Infinity":13,"b:38:34:38:42:38:42:38:Infinity":5,"f:41:15:41:26":1,"s:42:2:47:Infinity":14,"s:43:21:43:Infinity":15,"s:44:4:44:Infinity":16,"s:46:4:46:Infinity":17,"f:50:22:50:33":2,"s:51:2:53:Infinity":18,"b:52:63:52:77:52:77:52:81":6,"f:56:22:56:36":3,"s:57:2:57:Infinity":19,"f:60:22:60:30":4,"s:61:2:61:Infinity":20,"f:64:22:64:40":5,"s:65:15:65:Infinity":21,"s:66:2:66:Infinity":22,"f:69:22:69:Infinity":6,"s:73:2:73:Infinity":23,"f:76:22:76:31":7,"s:77:2:79:Infinity":24,"b:78:57:78:67:78:67:78:77":7,"f:82:22:82:35":8,"s:83:2:83:Infinity":25,"f:86:22:86:Infinity":9,"s:91:2:95:Infinity":26,"f:98:22:98:34":10,"s:99:2:101:Infinity":27,"b:100:60:100:70:100:70:100:80":8,"f:104:22:104:35":11,"s:105:2:111:Infinity":28,"f:114:22:114:35":12,"s:115:34:119:Infinity":29,"s:120:2:120:Infinity":30,"f:123:22:123:34":13,"s:124:2:124:Infinity":31,"f:127:16:127:34":14,"s:128:2:128:Infinity":32,"f:131:22:131:35":15,"s:132:2:132:Infinity":33,"f:135:22:135:Infinity":16,"s:140:19:148:Infinity":34,"b:150:2:153:Infinity:undefined:undefined:undefined:undefined":9,"s:150:2:153:Infinity":35,"s:151:17:151:Infinity":36,"f:151:39:151:51":17,"s:151:51:151:55":37,"s:152:4:152:Infinity":38,"b:152:20:152:36:152:36:152:82":10,"b:155:2:157:Infinity:undefined:undefined:undefined:undefined":11,"s:155:2:157:Infinity":39,"s:156:4:156:Infinity":40,"s:159:17:159:Infinity":41,"s:160:18:160:Infinity":42,"s:161:15:161:Infinity":43,"s:163:2:178:Infinity":44,"s:164:28:164:Infinity":45,"b:165:4:165:Infinity:undefined:undefined:undefined:undefined":12,"s:165:4:165:Infinity":46,"s:165:14:165:Infinity":47,"s:167:4:167:Infinity":48,"s:168:19:168:Infinity":49,"s:169:4:169:Infinity":50,"b:169:13:169:29:169:29:169:Infinity":13,"s:171:4:177:Infinity":51,"s:172:19:172:Infinity":52,"f:172:37:172:43":18,"s:172:52:172:77":53,"b:173:6:173:Infinity:undefined:undefined:undefined:undefined":14,"s:173:6:173:Infinity":54,"s:173:17:173:Infinity":55,"s:174:22:174:Infinity":56,"b:175:6:175:Infinity:undefined:undefined:undefined:undefined":15,"s:175:6:175:Infinity":57,"s:175:20:175:Infinity":58,"s:176:6:176:Infinity":59,"b:180:2:182:Infinity:undefined:undefined:undefined:undefined":16,"s:180:2:182:Infinity":60,"s:181:4:181:Infinity":61},"fnNames":{}}}
,"/Users/eshaanog/Documents/CommitIQ---/frontend/src/lib/utils.ts": {"path":"/Users/eshaanog/Documents/CommitIQ---/frontend/src/lib/utils.ts","statementMap":{"0":{"start":{"line":4,"column":2},"end":{"line":4,"column":null}},"1":{"start":{"line":8,"column":2},"end":{"line":10,"column":null}},"2":{"start":{"line":14,"column":2},"end":{"line":16,"column":null}}},"fnMap":{"0":{"name":"cn","decl":{"start":{"line":3,"column":16},"end":{"line":3,"column":19}},"loc":{"start":{"line":3,"column":44},"end":{"line":5,"column":null}},"line":3},"1":{"name":"formatDate","decl":{"start":{"line":7,"column":16},"end":{"line":7,"column":27}},"loc":{"start":{"line":7,"column":48},"end":{"line":11,"column":null}},"line":7},"2":{"name":"formatDateShort","decl":{"start":{"line":13,"column":16},"end":{"line":13,"column":32}},"loc":{"start":{"line":13,"column":53},"end":{"line":17,"column":null}},"line":13}},"branchMap":{},"s":{"0":34,"1":0,"2":0},"f":{"0":34,"1":0,"2":0},"b":{},"meta":{"lastBranch":0,"lastFunction":3,"lastStatement":3,"seen":{"f:3:16:3:19":0,"s:4:2:4:Infinity":0,"f:7:16:7:27":1,"s:8:2:10:Infinity":1,"f:13:16:13:32":2,"s:14:2:16:Infinity":2},"fnNames":{}}}
,"/Users/eshaanog/Documents/CommitIQ---/frontend/src/pages/AnalyzePage.tsx": {"path":"/Users/eshaanog/Documents/CommitIQ---/frontend/src/pages/AnalyzePage.tsx","statementMap":{"0":{"start":{"line":6,"column":15},"end":{"line":11,"column":null}},"1":{"start":{"line":14,"column":14},"end":{"line":14,"column":null}},"2":{"start":{"line":14,"column":42},"end":{"line":14,"column":62}},"3":{"start":{"line":15,"column":2},"end":{"line":15,"column":null}},"4":{"start":{"line":19,"column":9},"end":{"line":19,"column":null}},"5":{"start":{"line":20,"column":8},"end":{"line":20,"column":null}},"6":{"start":{"line":21,"column":17},"end":{"line":21,"column":null}},"7":{"start":{"line":22,"column":19},"end":{"line":22,"column":null}},"8":{"start":{"line":23,"column":19},"end":{"line":31,"column":null}},"9":{"start":{"line":32,"column":16},"end":{"line":32,"column":null}},"10":{"start":{"line":33,"column":23},"end":{"line":33,"column":null}},"11":{"start":{"line":35,"column":2},"end":{"line":67,"column":null}},"12":{"start":{"line":36,"column":4},"end":{"line":39,"column":null}},"13":{"start":{"line":37,"column":6},"end":{"line":37,"column":null}},"14":{"start":{"line":38,"column":6},"end":{"line":38,"column":null}},"15":{"start":{"line":41,"column":10},"end":{"line":41,"column":null}},"16":{"start":{"line":42,"column":4},"end":{"line":61,"column":null}},"17":{"start":{"line":43,"column":19},"end":{"line":43,"column":null}},"18":{"start":{"line":44,"column":6},"end":{"line":44,"column":null}},"19":{"start":{"line":45,"column":6},"end":{"line":52,"column":null}},"20":{"start":{"line":46,"column":8},"end":{"line":46,"column":null}},"21":{"start":{"line":47,"column":8},"end":{"line":51,"column":null}},"22":{"start":{"line":48,"column":10},"end":{"line":48,"column":null}},"23":{"start":{"line":50,"column":10},"end":{"line":50,"column":null}},"24":{"start":{"line":53,"column":6},"end":{"line":56,"column":null}},"25":{"start":{"line":54,"column":8},"end":{"line":54,"column":null}},"26":{"start":{"line":55,"column":8},"end":{"line":55,"column":null}},"27":{"start":{"line":57,"column":6},"end":{"line":60,"column":null}},"28":{"start":{"line":58,"column":8},"end":{"line":58,"column":null}},"29":{"start":{"line":59,"column":8},"end":{"line":59,"column":null}},"30":{"start":{"line":62,"column":4},"end":{"line":65,"column":null}},"31":{"start":{"line":63,"column":6},"end":{"line":63,"column":null}},"32":{"start":{"line":64,"column":6},"end":{"line":64,"column":null}},"33":{"start":{"line":66,"column":4},"end":{"line":66,"column":null}},"34":{"start":{"line":66,"column":17},"end":{"line":66,"column":null}},"35":{"start":{"line":69,"column":26},"end":{"line":69,"column":null}},"36":{"start":{"line":70,"column":20},"end":{"line":70,"column":null}},"37":{"start":{"line":73,"column":4},"end":{"line":73,"column":null}},"38":{"start":{"line":73,"column":33},"end":{"line":73,"column":null}},"39":{"start":{"line":74,"column":4},"end":{"line":74,"column":null}},"40":{"start":{"line":75,"column":4},"end":{"line":83,"column":null}},"41":{"start":{"line":76,"column":24},"end":{"line":76,"column":null}},"42":{"start":{"line":77,"column":6},"end":{"line":77,"column":null}},"43":{"start":{"line":78,"column":6},"end":{"line":78,"column":null}},"44":{"start":{"line":80,"column":6},"end":{"line":80,"column":null}},"45":{"start":{"line":82,"column":6},"end":{"line":82,"column":null}},"46":{"start":{"line":86,"column":2},"end":{"line":194,"column":null}},"47":{"start":{"line":108,"column":29},"end":{"line":108,"column":null}},"48":{"start":{"line":109,"column":31},"end":{"line":109,"column":null}},"49":{"start":{"line":110,"column":14},"end":{"line":156,"column":null}},"50":{"start":{"line":185,"column":31},"end":{"line":185,"column":null}}},"fnMap":{"0":{"name":"stageIndex","decl":{"start":{"line":13,"column":9},"end":{"line":13,"column":20}},"loc":{"start":{"line":13,"column":44},"end":{"line":16,"column":null}},"line":13},"1":{"name":"(anonymous_1)","decl":{"start":{"line":14,"column":21},"end":{"line":14,"column":32}},"loc":{"start":{"line":14,"column":42},"end":{"line":14,"column":62}},"line":14},"2":{"name":"AnalyzePage","decl":{"start":{"line":18,"column":24},"end":{"line":18,"column":38}},"loc":{"start":{"line":18,"column":38},"end":{"line":196,"column":null}},"line":18},"3":{"name":"(anonymous_3)","decl":{"start":{"line":35,"column":2},"end":{"line":35,"column":18}},"loc":{"start":{"line":35,"column":18},"end":{"line":67,"column":5}},"line":35},"4":{"name":"(anonymous_4)","decl":{"start":{"line":42,"column":11},"end":{"line":42,"column":24}},"loc":{"start":{"line":42,"column":34},"end":{"line":61,"column":null}},"line":42},"5":{"name":"(anonymous_5)","decl":{"start":{"line":47,"column":24},"end":{"line":47,"column":30}},"loc":{"start":{"line":47,"column":39},"end":{"line":49,"column":9}},"line":47},"6":{"name":"(anonymous_6)","decl":{"start":{"line":49,"column":11},"end":{"line":49,"column":18}},"loc":{"start":{"line":49,"column":26},"end":{"line":51,"column":9}},"line":49},"7":{"name":"(anonymous_7)","decl":{"start":{"line":62,"column":11},"end":{"line":62,"column":27}},"loc":{"start":{"line":62,"column":27},"end":{"line":65,"column":null}},"line":62},"8":{"name":"(anonymous_8)","decl":{"start":{"line":66,"column":4},"end":{"line":66,"column":17}},"loc":{"start":{"line":66,"column":17},"end":{"line":66,"column":null}},"line":66},"9":{"name":"handleCancel","decl":{"start":{"line":72,"column":17},"end":{"line":72,"column":32}},"loc":{"start":{"line":72,"column":32},"end":{"line":84,"column":null}},"line":72},"10":{"name":"(anonymous_10)","decl":{"start":{"line":107,"column":20},"end":{"line":107,"column":25}},"loc":{"start":{"line":107,"column":42},"end":{"line":158,"column":13}},"line":107},"11":{"name":"(anonymous_11)","decl":{"start":{"line":185,"column":16},"end":{"line":185,"column":31}},"loc":{"start":{"line":185,"column":31},"end":{"line":185,"column":null}},"line":185}},"branchMap":{"0":{"loc":{"start":{"line":15,"column":9},"end":{"line":15,"column":null}},"type":"cond-expr","locations":[{"start":{"line":15,"column":20},"end":{"line":15,"column":26}},{"start":{"line":15,"column":26},"end":{"line":15,"column":null}}],"line":15},"1":{"loc":{"start":{"line":22,"column":19},"end":{"line":22,"column":null}},"type":"binary-expr","locations":[{"start":{"line":22,"column":19},"end":{"line":22,"column":41}},{"start":{"line":22,"column":41},"end":{"line":22,"column":null}}],"line":22},"2":{"loc":{"start":{"line":36,"column":4},"end":{"line":39,"column":null}},"type":"if","locations":[{"start":{"line":36,"column":4},"end":{"line":39,"column":null}},{"start":{},"end":{}}],"line":36},"3":{"loc":{"start":{"line":45,"column":6},"end":{"line":52,"column":null}},"type":"if","locations":[{"start":{"line":45,"column":6},"end":{"line":52,"column":null}},{"start":{},"end":{}}],"line":45},"4":{"loc":{"start":{"line":50,"column":19},"end":{"line":50,"column":117}},"type":"cond-expr","locations":[{"start":{"line":50,"column":42},"end":{"line":50,"column":56}},{"start":{"line":50,"column":56},"end":{"line":50,"column":117}}],"line":50},"5":{"loc":{"start":{"line":53,"column":6},"end":{"line":56,"column":null}},"type":"if","locations":[{"start":{"line":53,"column":6},"end":{"line":56,"column":null}},{"start":{},"end":{}}],"line":53},"6":{"loc":{"start":{"line":55,"column":17},"end":{"line":55,"column":69}},"type":"binary-expr","locations":[{"start":{"line":55,"column":17},"end":{"line":55,"column":39}},{"start":{"line":55,"column":39},"end":{"line":55,"column":69}}],"line":55},"7":{"loc":{"start":{"line":57,"column":6},"end":{"line":60,"column":null}},"type":"if","locations":[{"start":{"line":57,"column":6},"end":{"line":60,"column":null}},{"start":{},"end":{}}],"line":57},"8":{"loc":{"start":{"line":59,"column":17},"end":{"line":59,"column":76}},"type":"binary-expr","locations":[{"start":{"line":59,"column":17},"end":{"line":59,"column":39}},{"start":{"line":59,"column":39},"end":{"line":59,"column":76}}],"line":59},"9":{"loc":{"start":{"line":69,"column":26},"end":{"line":69,"column":null}},"type":"cond-expr","locations":[{"start":{"line":69,"column":57},"end":{"line":69,"column":61}},{"start":{"line":69,"column":61},"end":{"line":69,"column":null}}],"line":69},"10":{"loc":{"start":{"line":70,"column":28},"end":{"line":70,"column":106}},"type":"binary-expr","locations":[{"start":{"line":70,"column":28},"end":{"line":70,"column":38}},{"start":{"line":70,"column":38},"end":{"line":70,"column":48}},{"start":{"line":70,"column":48},"end":{"line":70,"column":106}}],"line":70},"11":{"loc":{"start":{"line":73,"column":4},"end":{"line":73,"column":null}},"type":"if","locations":[{"start":{"line":73,"column":4},"end":{"line":73,"column":null}},{"start":{},"end":{}}],"line":73},"12":{"loc":{"start":{"line":73,"column":8},"end":{"line":73,"column":33}},"type":"binary-expr","locations":[{"start":{"line":73,"column":8},"end":{"line":73,"column":19}},{"start":{"line":73,"column":19},"end":{"line":73,"column":33}}],"line":73},"13":{"loc":{"start":{"line":78,"column":15},"end":{"line":78,"column":79}},"type":"binary-expr","locations":[{"start":{"line":78,"column":15},"end":{"line":78,"column":42}},{"start":{"line":78,"column":42},"end":{"line":78,"column":79}}],"line":78},"14":{"loc":{"start":{"line":80,"column":15},"end":{"line":80,"column":92}},"type":"cond-expr","locations":[{"start":{"line":80,"column":38},"end":{"line":80,"column":52}},{"start":{"line":80,"column":52},"end":{"line":80,"column":92}}],"line":80},"15":{"loc":{"start":{"line":108,"column":29},"end":{"line":108,"column":null}},"type":"binary-expr","locations":[{"start":{"line":108,"column":29},"end":{"line":108,"column":56}},{"start":{"line":108,"column":56},"end":{"line":108,"column":null}}],"line":108},"16":{"loc":{"start":{"line":109,"column":31},"end":{"line":109,"column":null}},"type":"binary-expr","locations":[{"start":{"line":109,"column":31},"end":{"line":109,"column":60}},{"start":{"line":109,"column":60},"end":{"line":109,"column":91}},{"start":{"line":109,"column":91},"end":{"line":109,"column":null}}],"line":109},"17":{"loc":{"start":{"line":114,"column":20},"end":{"line":114,"column":null}},"type":"cond-expr","locations":[{"start":{"line":114,"column":31},"end":{"line":114,"column":47}},{"start":{"line":114,"column":47},"end":{"line":114,"column":null}}],"line":114},"18":{"loc":{"start":{"line":114,"column":47},"end":{"line":114,"column":null}},"type":"cond-expr","locations":[{"start":{"line":114,"column":56},"end":{"line":114,"column":71}},{"start":{"line":114,"column":71},"end":{"line":114,"column":null}}],"line":114},"19":{"loc":{"start":{"line":118,"column":21},"end":{"line":127,"column":null}},"type":"cond-expr","locations":[{"start":{"line":119,"column":22},"end":{"line":122,"column":null}},{"start":{"line":122,"column":24},"end":{"line":127,"column":null}}],"line":118},"20":{"loc":{"start":{"line":122,"column":24},"end":{"line":127,"column":null}},"type":"cond-expr","locations":[{"start":{"line":123,"column":22},"end":{"line":127,"column":23}},{"start":{"line":127,"column":22},"end":{"line":127,"column":null}}],"line":122},"21":{"loc":{"start":{"line":133,"column":62},"end":{"line":133,"column":null}},"type":"cond-expr","locations":[{"start":{"line":133,"column":73},"end":{"line":133,"column":102}},{"start":{"line":133,"column":102},"end":{"line":133,"column":null}}],"line":133},"22":{"loc":{"start":{"line":134,"column":25},"end":{"line":134,"column":null}},"type":"cond-expr","locations":[{"start":{"line":134,"column":34},"end":{"line":134,"column":47}},{"start":{"line":134,"column":47},"end":{"line":134,"column":null}}],"line":134},"23":{"loc":{"start":{"line":136,"column":23},"end":{"line":141,"column":null}},"type":"binary-expr","locations":[{"start":{"line":136,"column":23},"end":{"line":136,"column":35}},{"start":{"line":136,"column":35},"end":{"line":136,"column":59}},{"start":{"line":136,"column":59},"end":{"line":136,"column":null}},{"start":{"line":137,"column":24},"end":{"line":141,"column":null}}],"line":136},"24":{"loc":{"start":{"line":143,"column":22},"end":{"line":155,"column":null}},"type":"binary-expr","locations":[{"start":{"line":143,"column":22},"end":{"line":143,"column":34}},{"start":{"line":143,"column":34},"end":{"line":143,"column":null}},{"start":{"line":144,"column":22},"end":{"line":155,"column":null}}],"line":143},"25":{"loc":{"start":{"line":147,"column":28},"end":{"line":149,"column":null}},"type":"cond-expr","locations":[{"start":{"line":148,"column":32},"end":{"line":148,"column":null}},{"start":{"line":149,"column":32},"end":{"line":149,"column":null}}],"line":147},"26":{"loc":{"start":{"line":151,"column":42},"end":{"line":151,"column":88}},"type":"cond-expr","locations":[{"start":{"line":151,"column":51},"end":{"line":151,"column":60}},{"start":{"line":151,"column":60},"end":{"line":151,"column":88}}],"line":151},"27":{"loc":{"start":{"line":161,"column":11},"end":{"line":165,"column":null}},"type":"binary-expr","locations":[{"start":{"line":161,"column":11},"end":{"line":161,"column":null}},{"start":{"line":162,"column":12},"end":{"line":165,"column":null}}],"line":161},"28":{"loc":{"start":{"line":168,"column":11},"end":{"line":178,"column":null}},"type":"binary-expr","locations":[{"start":{"line":168,"column":11},"end":{"line":168,"column":null}},{"start":{"line":169,"column":12},"end":{"line":178,"column":null}}],"line":168},"29":{"loc":{"start":{"line":176,"column":17},"end":{"line":176,"column":null}},"type":"cond-expr","locations":[{"start":{"line":176,"column":32},"end":{"line":176,"column":50}},{"start":{"line":176,"column":50},"end":{"line":176,"column":null}}],"line":176},"30":{"loc":{"start":{"line":181,"column":11},"end":{"line":190,"column":null}},"type":"binary-expr","locations":[{"start":{"line":181,"column":11},"end":{"line":181,"column":null}},{"start":{"line":182,"column":12},"end":{"line":190,"column":null}}],"line":181}},"s":{"0":2,"1":3,"2":12,"3":3,"4":7,"5":7,"6":7,"7":7,"8":7,"9":7,"10":7,"11":7,"12":3,"13":0,"14":0,"15":3,"16":3,"17":2,"18":2,"19":2,"20":2,"21":2,"22":2,"23":0,"24":2,"25":0,"26":0,"27":2,"28":0,"29":0,"30":3,"31":0,"32":0,"33":3,"34":3,"35":7,"36":7,"37":1,"38":0,"39":1,"40":1,"41":1,"42":1,"43":1,"44":0,"45":1,"46":7,"47":28,"48":28,"49":28,"50":0},"f":{"0":3,"1":12,"2":7,"3":3,"4":2,"5":2,"6":0,"7":0,"8":3,"9":1,"10":28,"11":0},"b":{"0":[2,1],"1":[7,0],"2":[0,3],"3":[2,0],"4":[0,0],"5":[0,2],"6":[0,0],"7":[0,2],"8":[0,0],"9":[4,3],"10":[7,7,6],"11":[0,1],"12":[1,1],"13":[1,0],"14":[0,0],"15":[28,22],"16":[28,7,5],"17":[4,24],"18":[8,16],"19":[8,20],"20":[4,16],"21":[4,24],"22":[8,20],"23":[28,4,0,0],"24":[28,24,12],"25":[8,4],"26":[8,4],"27":[7,0],"28":[7,4],"29":[1,3],"30":[7,1]},"meta":{"lastBranch":31,"lastFunction":12,"lastStatement":51,"seen":{"s:6:15:11:Infinity":0,"f:13:9:13:20":0,"s:14:14:14:Infinity":1,"f:14:21:14:32":1,"s:14:42:14:62":2,"s:15:2:15:Infinity":3,"b:15:20:15:26:15:26:15:Infinity":0,"f:18:24:18:38":2,"s:19:9:19:Infinity":4,"s:20:8:20:Infinity":5,"s:21:17:21:Infinity":6,"s:22:19:22:Infinity":7,"b:22:19:22:41:22:41:22:Infinity":1,"s:23:19:31:Infinity":8,"s:32:16:32:Infinity":9,"s:33:23:33:Infinity":10,"s:35:2:67:Infinity":11,"f:35:2:35:18":3,"b:36:4:39:Infinity:undefined:undefined:undefined:undefined":2,"s:36:4:39:Infinity":12,"s:37:6:37:Infinity":13,"s:38:6:38:Infinity":14,"s:41:10:41:Infinity":15,"s:42:4:61:Infinity":16,"f:42:11:42:24":4,"s:43:19:43:Infinity":17,"s:44:6:44:Infinity":18,"b:45:6:52:Infinity:undefined:undefined:undefined:undefined":3,"s:45:6:52:Infinity":19,"s:46:8:46:Infinity":20,"s:47:8:51:Infinity":21,"f:47:24:47:30":5,"s:48:10:48:Infinity":22,"f:49:11:49:18":6,"s:50:10:50:Infinity":23,"b:50:42:50:56:50:56:50:117":4,"b:53:6:56:Infinity:undefined:undefined:undefined:undefined":5,"s:53:6:56:Infinity":24,"s:54:8:54:Infinity":25,"s:55:8:55:Infinity":26,"b:55:17:55:39:55:39:55:69":6,"b:57:6:60:Infinity:undefined:undefined:undefined:undefined":7,"s:57:6:60:Infinity":27,"s:58:8:58:Infinity":28,"s:59:8:59:Infinity":29,"b:59:17:59:39:59:39:59:76":8,"s:62:4:65:Infinity":30,"f:62:11:62:27":7,"s:63:6:63:Infinity":31,"s:64:6:64:Infinity":32,"s:66:4:66:Infinity":33,"f:66:4:66:17":8,"s:66:17:66:Infinity":34,"s:69:26:69:Infinity":35,"b:69:57:69:61:69:61:69:Infinity":9,"s:70:20:70:Infinity":36,"b:70:28:70:38:70:38:70:48:70:48:70:106":10,"f:72:17:72:32":9,"b:73:4:73:Infinity:undefined:undefined:undefined:undefined":11,"s:73:4:73:Infinity":37,"b:73:8:73:19:73:19:73:33":12,"s:73:33:73:Infinity":38,"s:74:4:74:Infinity":39,"s:75:4:83:Infinity":40,"s:76:24:76:Infinity":41,"s:77:6:77:Infinity":42,"s:78:6:78:Infinity":43,"b:78:15:78:42:78:42:78:79":13,"s:80:6:80:Infinity":44,"b:80:38:80:52:80:52:80:92":14,"s:82:6:82:Infinity":45,"s:86:2:194:Infinity":46,"f:107:20:107:25":10,"s:108:29:108:Infinity":47,"b:108:29:108:56:108:56:108:Infinity":15,"s:109:31:109:Infinity":48,"b:109:31:109:60:109:60:109:91:109:91:109:Infinity":16,"s:110:14:156:Infinity":49,"b:114:31:114:47:114:47:114:Infinity":17,"b:114:56:114:71:114:71:114:Infinity":18,"b:119:22:122:Infinity:122:24:127:Infinity":19,"b:123:22:127:23:127:22:127:Infinity":20,"b:133:73:133:102:133:102:133:Infinity":21,"b:134:34:134:47:134:47:134:Infinity":22,"b:136:23:136:35:136:35:136:59:136:59:136:Infinity:137:24:141:Infinity":23,"b:143:22:143:34:143:34:143:Infinity:144:22:155:Infinity":24,"b:148:32:148:Infinity:149:32:149:Infinity":25,"b:151:51:151:60:151:60:151:88":26,"b:161:11:161:Infinity:162:12:165:Infinity":27,"b:168:11:168:Infinity:169:12:178:Infinity":28,"b:176:32:176:50:176:50:176:Infinity":29,"b:181:11:181:Infinity:182:12:190:Infinity":30,"f:185:16:185:31":11,"s:185:31:185:Infinity":50},"fnNames":{}}}
,"/Users/eshaanog/Documents/CommitIQ---/frontend/src/pages/DashboardPage.tsx": {"path":"/Users/eshaanog/Documents/CommitIQ---/frontend/src/pages/DashboardPage.tsx","statementMap":{"0":{"start":{"line":18,"column":21},"end":{"line":18,"column":null}},"1":{"start":{"line":19,"column":8},"end":{"line":19,"column":null}},"2":{"start":{"line":20,"column":19},"end":{"line":20,"column":null}},"3":{"start":{"line":21,"column":24},"end":{"line":21,"column":null}},"4":{"start":{"line":23,"column":8},"end":{"line":23,"column":null}},"5":{"start":{"line":23,"column":59},"end":{"line":23,"column":94}},"6":{"start":{"line":24,"column":15},"end":{"line":24,"column":null}},"7":{"start":{"line":25,"column":17},"end":{"line":25,"column":null}},"8":{"start":{"line":26,"column":8},"end":{"line":26,"column":null}},"9":{"start":{"line":26,"column":63},"end":{"line":26,"column":110}},"10":{"start":{"line":27,"column":8},"end":{"line":27,"column":null}},"11":{"start":{"line":27,"column":32},"end":{"line":27,"column":58}},"12":{"start":{"line":28,"column":8},"end":{"line":28,"column":null}},"13":{"start":{"line":28,"column":60},"end":{"line":28,"column":102}},"14":{"start":{"line":29,"column":8},"end":{"line":29,"column":null}},"15":{"start":{"line":29,"column":83},"end":{"line":29,"column":136}},"16":{"start":{"line":30,"column":8},"end":{"line":30,"column":null}},"17":{"start":{"line":30,"column":61},"end":{"line":30,"column":102}},"18":{"start":{"line":31,"column":27},"end":{"line":31,"column":null}},"19":{"start":{"line":32,"column":30},"end":{"line":32,"column":null}},"20":{"start":{"line":33,"column":37},"end":{"line":33,"column":null}},"21":{"start":{"line":35,"column":2},"end":{"line":49,"column":null}},"22":{"start":{"line":36,"column":4},"end":{"line":39,"column":null}},"23":{"start":{"line":37,"column":6},"end":{"line":37,"column":null}},"24":{"start":{"line":38,"column":6},"end":{"line":38,"column":null}},"25":{"start":{"line":41,"column":30},"end":{"line":43,"column":null}},"26":{"start":{"line":42,"column":33},"end":{"line":42,"column":60}},"27":{"start":{"line":44,"column":26},"end":{"line":44,"column":null}},"28":{"start":{"line":46,"column":4},"end":{"line":48,"column":null}},"29":{"start":{"line":47,"column":6},"end":{"line":47,"column":null}},"30":{"start":{"line":51,"column":2},"end":{"line":58,"column":null}},"31":{"start":{"line":52,"column":4},"end":{"line":56,"column":null}},"32":{"start":{"line":60,"column":2},"end":{"line":80,"column":null}},"33":{"start":{"line":61,"column":4},"end":{"line":78,"column":null}},"34":{"start":{"line":72,"column":27},"end":{"line":72,"column":null}},"35":{"start":{"line":82,"column":22},"end":{"line":82,"column":null}},"36":{"start":{"line":84,"column":2},"end":{"line":357,"column":null}},"37":{"start":{"line":90,"column":29},"end":{"line":90,"column":null}},"38":{"start":{"line":100,"column":29},"end":{"line":100,"column":null}},"39":{"start":{"line":120,"column":29},"end":{"line":120,"column":null}},"40":{"start":{"line":132,"column":27},"end":{"line":132,"column":null}},"41":{"start":{"line":147,"column":29},"end":{"line":147,"column":null}},"42":{"start":{"line":167,"column":16},"end":{"line":167,"column":null}},"43":{"start":{"line":168,"column":16},"end":{"line":168,"column":null}},"44":{"start":{"line":209,"column":33},"end":{"line":209,"column":null}},"45":{"start":{"line":243,"column":18},"end":{"line":267,"column":null}},"46":{"start":{"line":279,"column":26},"end":{"line":293,"column":null}},"47":{"start":{"line":311,"column":26},"end":{"line":316,"column":null}}},"fnMap":{"0":{"name":"DashboardPage","decl":{"start":{"line":17,"column":24},"end":{"line":17,"column":40}},"loc":{"start":{"line":17,"column":40},"end":{"line":359,"column":null}},"line":17},"1":{"name":"(anonymous_1)","decl":{"start":{"line":23,"column":59},"end":{"line":23,"column":71}},"loc":{"start":{"line":23,"column":59},"end":{"line":23,"column":94}},"line":23},"2":{"name":"(anonymous_2)","decl":{"start":{"line":26,"column":63},"end":{"line":26,"column":75}},"loc":{"start":{"line":26,"column":63},"end":{"line":26,"column":110}},"line":26},"3":{"name":"(anonymous_3)","decl":{"start":{"line":27,"column":18},"end":{"line":27,"column":32}},"loc":{"start":{"line":27,"column":32},"end":{"line":27,"column":58}},"line":27},"4":{"name":"(anonymous_4)","decl":{"start":{"line":28,"column":60},"end":{"line":28,"column":72}},"loc":{"start":{"line":28,"column":60},"end":{"line":28,"column":102}},"line":28},"5":{"name":"(anonymous_5)","decl":{"start":{"line":29,"column":83},"end":{"line":29,"column":95}},"loc":{"start":{"line":29,"column":83},"end":{"line":29,"column":136}},"line":29},"6":{"name":"(anonymous_6)","decl":{"start":{"line":30,"column":61},"end":{"line":30,"column":73}},"loc":{"start":{"line":30,"column":61},"end":{"line":30,"column":102}},"line":30},"7":{"name":"(anonymous_7)","decl":{"start":{"line":35,"column":2},"end":{"line":35,"column":18}},"loc":{"start":{"line":35,"column":18},"end":{"line":49,"column":5}},"line":35},"8":{"name":"(anonymous_8)","decl":{"start":{"line":42,"column":16},"end":{"line":42,"column":22}},"loc":{"start":{"line":42,"column":33},"end":{"line":42,"column":60}},"line":42},"9":{"name":"(anonymous_9)","decl":{"start":{"line":72,"column":12},"end":{"line":72,"column":27}},"loc":{"start":{"line":72,"column":27},"end":{"line":72,"column":null}},"line":72},"10":{"name":"(anonymous_10)","decl":{"start":{"line":90,"column":14},"end":{"line":90,"column":29}},"loc":{"start":{"line":90,"column":29},"end":{"line":90,"column":null}},"line":90},"11":{"name":"(anonymous_11)","decl":{"start":{"line":100,"column":14},"end":{"line":100,"column":29}},"loc":{"start":{"line":100,"column":29},"end":{"line":100,"column":null}},"line":100},"12":{"name":"(anonymous_12)","decl":{"start":{"line":120,"column":14},"end":{"line":120,"column":29}},"loc":{"start":{"line":120,"column":29},"end":{"line":120,"column":null}},"line":120},"13":{"name":"(anonymous_13)","decl":{"start":{"line":132,"column":12},"end":{"line":132,"column":27}},"loc":{"start":{"line":132,"column":27},"end":{"line":132,"column":null}},"line":132},"14":{"name":"(anonymous_14)","decl":{"start":{"line":147,"column":14},"end":{"line":147,"column":29}},"loc":{"start":{"line":147,"column":29},"end":{"line":147,"column":null}},"line":147},"15":{"name":"(anonymous_15)","decl":{"start":{"line":166,"column":14},"end":{"line":166,"column":25}},"loc":{"start":{"line":166,"column":36},"end":{"line":169,"column":null}},"line":166},"16":{"name":"(anonymous_16)","decl":{"start":{"line":209,"column":18},"end":{"line":209,"column":33}},"loc":{"start":{"line":209,"column":33},"end":{"line":209,"column":null}},"line":209},"17":{"name":"(anonymous_17)","decl":{"start":{"line":242,"column":18},"end":{"line":242,"column":23}},"loc":{"start":{"line":243,"column":18},"end":{"line":267,"column":null}},"line":243},"18":{"name":"(anonymous_18)","decl":{"start":{"line":278,"column":45},"end":{"line":278,"column":50}},"loc":{"start":{"line":279,"column":26},"end":{"line":293,"column":null}},"line":279},"19":{"name":"(anonymous_19)","decl":{"start":{"line":310,"column":52},"end":{"line":310,"column":57}},"loc":{"start":{"line":311,"column":26},"end":{"line":316,"column":null}},"line":311}},"branchMap":{"0":{"loc":{"start":{"line":18,"column":10},"end":{"line":18,"column":28}},"type":"default-arg","locations":[{"start":{"line":18,"column":21},"end":{"line":18,"column":28}}],"line":18},"1":{"loc":{"start":{"line":23,"column":27},"end":{"line":23,"column":71}},"type":"cond-expr","locations":[{"start":{"line":23,"column":38},"end":{"line":23,"column":59}},{"start":{"line":23,"column":59},"end":{"line":23,"column":71}}],"line":23},"2":{"loc":{"start":{"line":26,"column":31},"end":{"line":26,"column":75}},"type":"cond-expr","locations":[{"start":{"line":26,"column":40},"end":{"line":26,"column":63}},{"start":{"line":26,"column":63},"end":{"line":26,"column":75}}],"line":26},"3":{"loc":{"start":{"line":27,"column":32},"end":{"line":27,"column":58}},"type":"binary-expr","locations":[{"start":{"line":27,"column":32},"end":{"line":27,"column":54}},{"start":{"line":27,"column":54},"end":{"line":27,"column":58}}],"line":27},"4":{"loc":{"start":{"line":28,"column":26},"end":{"line":28,"column":72}},"type":"cond-expr","locations":[{"start":{"line":28,"column":35},"end":{"line":28,"column":60}},{"start":{"line":28,"column":60},"end":{"line":28,"column":72}}],"line":28},"5":{"loc":{"start":{"line":29,"column":28},"end":{"line":29,"column":95}},"type":"cond-expr","locations":[{"start":{"line":29,"column":49},"end":{"line":29,"column":83}},{"start":{"line":29,"column":83},"end":{"line":29,"column":95}}],"line":29},"6":{"loc":{"start":{"line":29,"column":28},"end":{"line":29,"column":49}},"type":"binary-expr","locations":[{"start":{"line":29,"column":28},"end":{"line":29,"column":38}},{"start":{"line":29,"column":38},"end":{"line":29,"column":49}}],"line":29},"7":{"loc":{"start":{"line":30,"column":28},"end":{"line":30,"column":73}},"type":"cond-expr","locations":[{"start":{"line":30,"column":37},"end":{"line":30,"column":61}},{"start":{"line":30,"column":61},"end":{"line":30,"column":73}}],"line":30},"8":{"loc":{"start":{"line":31,"column":27},"end":{"line":31,"column":null}},"type":"cond-expr","locations":[{"start":{"line":31,"column":38},"end":{"line":31,"column":94}},{"start":{"line":31,"column":94},"end":{"line":31,"column":null}}],"line":31},"9":{"loc":{"start":{"line":32,"column":30},"end":{"line":32,"column":null}},"type":"binary-expr","locations":[{"start":{"line":32,"column":30},"end":{"line":32,"column":69}},{"start":{"line":32,"column":69},"end":{"line":32,"column":null}}],"line":32},"10":{"loc":{"start":{"line":33,"column":37},"end":{"line":33,"column":null}},"type":"binary-expr","locations":[{"start":{"line":33,"column":37},"end":{"line":33,"column":83}},{"start":{"line":33,"column":83},"end":{"line":33,"column":null}}],"line":33},"11":{"loc":{"start":{"line":36,"column":4},"end":{"line":39,"column":null}},"type":"if","locations":[{"start":{"line":36,"column":4},"end":{"line":39,"column":null}},{"start":{},"end":{}}],"line":36},"12":{"loc":{"start":{"line":41,"column":30},"end":{"line":43,"column":null}},"type":"cond-expr","locations":[{"start":{"line":42,"column":8},"end":{"line":42,"column":null}},{"start":{"line":43,"column":8},"end":{"line":43,"column":null}}],"line":41},"13":{"loc":{"start":{"line":44,"column":26},"end":{"line":44,"column":null}},"type":"binary-expr","locations":[{"start":{"line":44,"column":26},"end":{"line":44,"column":47}},{"start":{"line":44,"column":47},"end":{"line":44,"column":null}}],"line":44},"14":{"loc":{"start":{"line":46,"column":4},"end":{"line":48,"column":null}},"type":"if","locations":[{"start":{"line":46,"column":4},"end":{"line":48,"column":null}},{"start":{},"end":{}}],"line":46},"15":{"loc":{"start":{"line":51,"column":2},"end":{"line":58,"column":null}},"type":"if","locations":[{"start":{"line":51,"column":2},"end":{"line":58,"column":null}},{"start":{},"end":{}}],"line":51},"16":{"loc":{"start":{"line":60,"column":2},"end":{"line":80,"column":null}},"type":"if","locations":[{"start":{"line":60,"column":2},"end":{"line":80,"column":null}},{"start":{},"end":{}}],"line":60},"17":{"loc":{"start":{"line":60,"column":6},"end":{"line":60,"column":32}},"type":"binary-expr","locations":[{"start":{"line":60,"column":6},"end":{"line":60,"column":25}},{"start":{"line":60,"column":25},"end":{"line":60,"column":32}}],"line":60},"18":{"loc":{"start":{"line":82,"column":22},"end":{"line":82,"column":null}},"type":"cond-expr","locations":[{"start":{"line":82,"column":39},"end":{"line":82,"column":82}},{"start":{"line":82,"column":82},"end":{"line":82,"column":null}}],"line":82},"19":{"loc":{"start":{"line":130,"column":9},"end":{"line":134,"column":null}},"type":"binary-expr","locations":[{"start":{"line":130,"column":9},"end":{"line":130,"column":null}},{"start":{"line":131,"column":10},"end":{"line":134,"column":null}}],"line":130},"20":{"loc":{"start":{"line":139,"column":12},"end":{"line":139,"column":null}},"type":"cond-expr","locations":[{"start":{"line":139,"column":28},"end":{"line":139,"column":46}},{"start":{"line":139,"column":46},"end":{"line":139,"column":null}}],"line":139},"21":{"loc":{"start":{"line":165,"column":27},"end":{"line":165,"column":null}},"type":"binary-expr","locations":[{"start":{"line":165,"column":27},"end":{"line":165,"column":44}},{"start":{"line":165,"column":44},"end":{"line":165,"column":null}}],"line":165},"22":{"loc":{"start":{"line":175,"column":11},"end":{"line":194,"column":null}},"type":"cond-expr","locations":[{"start":{"line":176,"column":12},"end":{"line":180,"column":28}},{"start":{"line":180,"column":14},"end":{"line":194,"column":null}}],"line":175},"23":{"loc":{"start":{"line":180,"column":14},"end":{"line":194,"column":null}},"type":"cond-expr","locations":[{"start":{"line":181,"column":12},"end":{"line":184,"column":22}},{"start":{"line":184,"column":14},"end":{"line":194,"column":null}}],"line":180},"24":{"loc":{"start":{"line":184,"column":14},"end":{"line":194,"column":null}},"type":"cond-expr","locations":[{"start":{"line":185,"column":12},"end":{"line":189,"column":13}},{"start":{"line":189,"column":12},"end":{"line":194,"column":null}}],"line":184},"25":{"loc":{"start":{"line":197,"column":11},"end":{"line":326,"column":null}},"type":"binary-expr","locations":[{"start":{"line":197,"column":11},"end":{"line":197,"column":null}},{"start":{"line":198,"column":12},"end":{"line":326,"column":null}}],"line":197},"26":{"loc":{"start":{"line":206,"column":111},"end":{"line":206,"column":155}},"type":"binary-expr","locations":[{"start":{"line":206,"column":111},"end":{"line":206,"column":131}},{"start":{"line":206,"column":131},"end":{"line":206,"column":155}}],"line":206},"27":{"loc":{"start":{"line":219,"column":27},"end":{"line":219,"column":null}},"type":"cond-expr","locations":[{"start":{"line":219,"column":59},"end":{"line":219,"column":65}},{"start":{"line":219,"column":65},"end":{"line":219,"column":null}}],"line":219},"28":{"loc":{"start":{"line":220,"column":26},"end":{"line":220,"column":null}},"type":"cond-expr","locations":[{"start":{"line":220,"column":58},"end":{"line":220,"column":78}},{"start":{"line":220,"column":78},"end":{"line":220,"column":null}}],"line":220},"29":{"loc":{"start":{"line":237,"column":31},"end":{"line":237,"column":108}},"type":"binary-expr","locations":[{"start":{"line":237,"column":31},"end":{"line":237,"column":69}},{"start":{"line":237,"column":69},"end":{"line":237,"column":103}},{"start":{"line":237,"column":103},"end":{"line":237,"column":108}}],"line":237},"30":{"loc":{"start":{"line":238,"column":29},"end":{"line":238,"column":79}},"type":"binary-expr","locations":[{"start":{"line":238,"column":29},"end":{"line":238,"column":72}},{"start":{"line":238,"column":72},"end":{"line":238,"column":79}}],"line":238},"31":{"loc":{"start":{"line":239,"column":27},"end":{"line":239,"column":null}},"type":"cond-expr","locations":[{"start":{"line":239,"column":80},"end":{"line":239,"column":98}},{"start":{"line":239,"column":98},"end":{"line":239,"column":null}}],"line":239},"32":{"loc":{"start":{"line":252,"column":25},"end":{"line":258,"column":null}},"type":"binary-expr","locations":[{"start":{"line":252,"column":25},"end":{"line":252,"column":null}},{"start":{"line":253,"column":26},"end":{"line":258,"column":null}}],"line":252},"33":{"loc":{"start":{"line":270,"column":16},"end":{"line":321,"column":null}},"type":"binary-expr","locations":[{"start":{"line":270,"column":16},"end":{"line":270,"column":50}},{"start":{"line":270,"column":50},"end":{"line":270,"column":null}},{"start":{"line":271,"column":16},"end":{"line":321,"column":null}}],"line":270},"34":{"loc":{"start":{"line":272,"column":19},"end":{"line":299,"column":46}},"type":"binary-expr","locations":[{"start":{"line":272,"column":19},"end":{"line":272,"column":null}},{"start":{"line":273,"column":20},"end":{"line":299,"column":46}}],"line":272},"35":{"loc":{"start":{"line":285,"column":30},"end":{"line":289,"column":null}},"type":"cond-expr","locations":[{"start":{"line":286,"column":34},"end":{"line":286,"column":null}},{"start":{"line":287,"column"
[...]
oc":{"start":{"line":164,"column":38},"end":{"line":164,"column":null}},"line":164},"11":{"name":"(anonymous_11)","decl":{"start":{"line":174,"column":18},"end":{"line":174,"column":29}},"loc":{"start":{"line":174,"column":35},"end":{"line":174,"column":null}},"line":174},"12":{"name":"(anonymous_12)","decl":{"start":{"line":175,"column":18},"end":{"line":175,"column":30}},"loc":{"start":{"line":175,"column":40},"end":{"line":175,"column":null}},"line":175},"13":{"name":"(anonymous_13)","decl":{"start":{"line":222,"column":14},"end":{"line":222,"column":29}},"loc":{"start":{"line":222,"column":29},"end":{"line":222,"column":null}},"line":222},"14":{"name":"(anonymous_14)","decl":{"start":{"line":249,"column":14},"end":{"line":249,"column":19}},"loc":{"start":{"line":250,"column":14},"end":{"line":261,"column":null}},"line":250}},"branchMap":{"0":{"loc":{"start":{"line":12,"column":9},"end":{"line":12,"column":48}},"type":"binary-expr","locations":[{"start":{"line":12,"column":9},"end":{"line":12,"column":28}},{"start":{"line":12,"column":28},"end":{"line":12,"column":48}}],"line":12},"1":{"loc":{"start":{"line":13,"column":4},"end":{"line":17,"column":null}},"type":"if","locations":[{"start":{"line":13,"column":4},"end":{"line":17,"column":null}},{"start":{"line":15,"column":11},"end":{"line":17,"column":null}}],"line":13},"2":{"loc":{"start":{"line":15,"column":11},"end":{"line":17,"column":null}},"type":"if","locations":[{"start":{"line":15,"column":11},"end":{"line":17,"column":null}},{"start":{},"end":{}}],"line":15},"3":{"loc":{"start":{"line":20,"column":2},"end":{"line":24,"column":null}},"type":"if","locations":[{"start":{"line":20,"column":2},"end":{"line":24,"column":null}},{"start":{"line":22,"column":9},"end":{"line":24,"column":null}}],"line":20},"4":{"loc":{"start":{"line":22,"column":9},"end":{"line":24,"column":null}},"type":"if","locations":[{"start":{"line":22,"column":9},"end":{"line":24,"column":null}},{"start":{},"end":{}}],"line":22},"5":{"loc":{"start":{"line":26,"column":2},"end":{"line":28,"column":null}},"type":"if","locations":[{"start":{"line":26,"column":2},"end":{"line":28,"column":null}},{"start":{},"end":{}}],"line":26},"6":{"loc":{"start":{"line":30,"column":2},"end":{"line":32,"column":null}},"type":"if","locations":[{"start":{"line":30,"column":2},"end":{"line":32,"column":null}},{"start":{},"end":{}}],"line":30},"7":{"loc":{"start":{"line":35,"column":2},"end":{"line":37,"column":null}},"type":"if","locations":[{"start":{"line":35,"column":2},"end":{"line":37,"column":null}},{"start":{},"end":{}}],"line":35},"8":{"loc":{"start":{"line":35,"column":6},"end":{"line":35,"column":50}},"type":"binary-expr","locations":[{"start":{"line":35,"column":6},"end":{"line":35,"column":26}},{"start":{"line":35,"column":26},"end":{"line":35,"column":39}},{"start":{"line":35,"column":39},"end":{"line":35,"column":50}}],"line":35},"9":{"loc":{"start":{"line":43,"column":2},"end":{"line":45,"column":null}},"type":"if","locations":[{"start":{"line":43,"column":2},"end":{"line":45,"column":null}},{"start":{},"end":{}}],"line":43},"10":{"loc":{"start":{"line":43,"column":6},"end":{"line":43,"column":55}},"type":"binary-expr","locations":[{"start":{"line":43,"column":6},"end":{"line":43,"column":32}},{"start":{"line":43,"column":32},"end":{"line":43,"column":55}}],"line":43},"11":{"loc":{"start":{"line":65,"column":4},"end":{"line":68,"column":null}},"type":"if","locations":[{"start":{"line":65,"column":4},"end":{"line":68,"column":null}},{"start":{},"end":{}}],"line":65},"12":{"loc":{"start":{"line":70,"column":14},"end":{"line":70,"column":42}},"type":"cond-expr","locations":[{"start":{"line":70,"column":23},"end":{"line":70,"column":33}},{"start":{"line":70,"column":33},"end":{"line":70,"column":42}}],"line":70},"13":{"loc":{"start":{"line":80,"column":4},"end":{"line":80,"column":null}},"type":"if","locations":[{"start":{"line":80,"column":4},"end":{"line":80,"column":null}},{"start":{},"end":{}}],"line":80},"14":{"loc":{"start":{"line":80,"column":8},"end":{"line":80,"column":39}},"type":"binary-expr","locations":[{"start":{"line":80,"column":8},"end":{"line":80,"column":30}},{"start":{"line":80,"column":30},"end":{"line":80,"column":39}}],"line":80},"15":{"loc":{"start":{"line":85,"column":6},"end":{"line":89,"column":null}},"type":"if","locations":[{"start":{"line":85,"column":6},"end":{"line":89,"column":null}},{"start":{},"end":{}}],"line":85},"16":{"loc":{"start":{"line":91,"column":25},"end":{"line":91,"column":null}},"type":"cond-expr","locations":[{"start":{"line":91,"column":38},"end":{"line":91,"column":65}},{"start":{"line":91,"column":65},"end":{"line":91,"column":null}}],"line":91},"17":{"loc":{"start":{"line":92,"column":55},"end":{"line":92,"column":91}},"type":"cond-expr","locations":[{"start":{"line":92,"column":75},"end":{"line":92,"column":81}},{"start":{"line":92,"column":81},"end":{"line":92,"column":91}}],"line":92},"18":{"loc":{"start":{"line":95,"column":15},"end":{"line":95,"column":91}},"type":"cond-expr","locations":[{"start":{"line":95,"column":38},"end":{"line":95,"column":52}},{"start":{"line":95,"column":52},"end":{"line":95,"column":91}}],"line":95},"19":{"loc":{"start":{"line":164,"column":38},"end":{"line":164,"column":null}},"type":"binary-expr","locations":[{"start":{"line":164,"column":38},"end":{"line":164,"column":63}},{"start":{"line":164,"column":63},"end":{"line":164,"column":null}}],"line":164},"20":{"loc":{"start":{"line":175,"column":40},"end":{"line":175,"column":null}},"type":"binary-expr","locations":[{"start":{"line":175,"column":40},"end":{"line":175,"column":65}},{"start":{"line":175,"column":65},"end":{"line":175,"column":null}}],"line":175},"21":{"loc":{"start":{"line":184,"column":26},"end":{"line":184,"column":null}},"type":"binary-expr","locations":[{"start":{"line":184,"column":26},"end":{"line":184,"column":48}},{"start":{"line":184,"column":48},"end":{"line":184,"column":null}}],"line":184},"22":{"loc":{"start":{"line":187,"column":17},"end":{"line":196,"column":null}},"type":"cond-expr","locations":[{"start":{"line":188,"column":18},"end":{"line":196,"column":19}},{"start":{"line":196,"column":18},"end":{"line":196,"column":null}}],"line":187},"23":{"loc":{"start":{"line":202,"column":11},"end":{"line":206,"column":null}},"type":"binary-expr","locations":[{"start":{"line":202,"column":11},"end":{"line":202,"column":null}},{"start":{"line":203,"column":12},"end":{"line":206,"column":null}}],"line":202},"24":{"loc":{"start":{"line":209,"column":11},"end":{"line":217,"column":null}},"type":"binary-expr","locations":[{"start":{"line":209,"column":11},"end":{"line":209,"column":null}},{"start":{"line":210,"column":12},"end":{"line":217,"column":null}}],"line":209},"25":{"loc":{"start":{"line":213,"column":17},"end":{"line":215,"column":null}},"type":"cond-expr","locations":[{"start":{"line":214,"column":20},"end":{"line":214,"column":null}},{"start":{"line":215,"column":20},"end":{"line":215,"column":null}}],"line":213}},"s":{"0":2,"1":76,"2":76,"3":12,"4":9,"5":3,"6":3,"7":76,"8":0,"9":76,"10":27,"11":76,"12":0,"13":76,"14":16,"15":76,"16":76,"17":50,"18":26,"19":26,"20":26,"21":26,"22":0,"23":26,"24":88,"25":88,"26":88,"27":88,"28":88,"29":88,"30":88,"31":88,"32":4,"33":0,"34":0,"35":4,"36":4,"37":88,"38":73,"39":0,"40":0,"41":73,"42":73,"43":88,"44":73,"45":73,"46":73,"47":88,"48":3,"49":0,"50":3,"51":3,"52":3,"53":3,"54":3,"55":0,"56":0,"57":0,"58":3,"59":3,"60":3,"61":3,"62":0,"63":0,"64":88,"65":88,"66":0,"67":73,"68":6,"69":4,"70":0,"71":264},"f":{"0":76,"1":88,"2":4,"3":0,"4":0,"5":4,"6":73,"7":73,"8":3,"9":0,"10":73,"11":6,"12":4,"13":0,"14":264},"b":{"0":[76,79],"1":[9,3],"2":[3,0],"3":[0,76],"4":[27,49],"5":[0,76],"6":[16,60],"7":[50,26],"8":[76,26,26],"9":[0,26],"10":[26,26],"11":[0,73],"12":[23,50],"13":[0,3],"14":[3,3],"15":[0,3],"16":[3,0],"17":[0,3],"18":[0,0],"19":[73,0],"20":[4,0],"21":[88,34],"22":[5,83],"23":[88,50],"24":[88,0],"25":[0,0]},"meta":{"lastBranch":26,"lastFunction":15,"lastStatement":72,"seen":{"s:7:21:7:Infinity":0,"f:9:9:9:24":0,"s:10:10:10:Infinity":1,"s:12:2:18:Infinity":2,"b:12:9:12:28:12:28:12:48":0,"b:13:4:17:Infinity:15:11:17:Infinity":1,"s:13:4:17:Infinity":3,"s:14:6:14:Infinity":4,"b:15:11:17:Infinity:undefined:undefined:undefined:undefined":2,"s:15:11:17:Infinity":5,"s:16:6:16:Infinity":6,"b:20:2:24:Infinity:22:9:24:Infinity":3,"s:20:2:24:Infinity":7,"s:21:4:21:Infinity":8,"b:22:9:24:Infinity:undefined:undefined:undefined:undefined":4,"s:22:9:24:Infinity":9,"s:23:4:23:Infinity":10,"b:26:2:28:Infinity:undefined:undefined:undefined:undefined":5,"s:26:2:28:Infinity":11,"s:27:4:27:Infinity":12,"b:30:2:32:Infinity:undefined:undefined:undefined:undefined":6,"s:30:2:32:Infinity":13,"s:31:4:31:Infinity":14,"s:34:16:34:Infinity":15,"b:35:2:37:Infinity:undefined:undefined:undefined:undefined":7,"s:35:2:37:Infinity":16,"b:35:6:35:26:35:26:35:39:35:39:35:50":8,"s:36:4:36:Infinity":17,"s:39:16:39:Infinity":18,"s:40:15:40:Infinity":19,"s:42:20:42:Infinity":20,"b:43:2:45:Infinity:undefined:undefined:undefined:undefined":9,"s:43:2:45:Infinity":21,"b:43:6:43:32:43:32:43:55":10,"s:44:4:44:Infinity":22,"s:47:2:47:Infinity":23,"f:50:24:50:38":1,"s:51:14:51:Infinity":24,"s:52:17:52:Infinity":25,"s:53:18:53:Infinity":26,"s:54:16:54:Infinity":27,"s:55:16:55:Infinity":28,"s:56:21:56:Infinity":29,"s:57:8:57:Infinity":30,"s:59:2:62:Infinity":31,"f:59:2:59:18":2,"s:60:18:60:Infinity":32,"f:60:18:60:36":3,"s:60:36:60:88":33,"f:60:36:60:46":4,"s:60:46:60:85":34,"s:61:4:61:Infinity":35,"f:61:4:61:17":5,"s:61:17:61:Infinity":36,"s:64:8:71:Infinity":37,"f:64:8:64:23":6,"b:65:4:68:Infinity:undefined:undefined:undefined:undefined":11,"s:65:4:68:Infinity":38,"s:66:6:66:Infinity":39,"s:67:6:67:Infinity":40,"s:69:19:69:Infinity":41,"s:70:4:70:Infinity":42,"b:70:23:70:33:70:33:70:42":12,"s:73:8:77:Infinity":43,"f:73:8:73:24":7,"s:74:4:74:Infinity":44,"s:75:4:75:Infinity":45,"s:76:4:76:Infinity":46,"s:79:23:98:Infinity":47,"f:79:23:79:35":8,"b:80:4:80:Infinity:undefined:undefined:undefined:undefined":13,"s:80:4:80:Infinity":48,"b:80:8:80:30:80:30:80:39":14,"s:80:39:80:Infinity":49,"s:81:4:81:Infinity":50,"s:82:4:82:Infinity":51,"s:83:4:97:Infinity":52,"s:84:21:84:Infinity":53,"b:85:6:89:Infinity:undefined:undefined:undefined:undefined":15,"s:85:6:89:Infinity":54,"s:86:8:86:Infinity":55,"s:87:8:87:Infinity":56,"s:88:8:88:Infinity":57,"s:90:28:90:Infinity":58,"s:91:25:91:Infinity":59,"b:91:38:91:65:91:65:91:Infinity":16,"s:92:23:92:Infinity":60,"b:92:75:92:81:92:81:92:91":17,"s:93:6:93:Infinity":61,"s:95:6:95:Infinity":62,"b:95:38:95:52:95:52:95:91":18,"s:96:6:96:Infinity":63,"s:100:28:104:Infinity":64,"s:106:2:270:Infinity":65,"f:122:14:122:29":9,"s:122:29:122:Infinity":66,"f:164:16:164:28":10,"s:164:38:164:Infinity":67,"b:164:38:164:63:164:63:164:Infinity":19,"f:174:18:174:29":11,"s:174:35:174:Infinity":68,"f:175:18:175:30":12,"s:175:40:175:Infinity":69,"b:175:40:175:65:175:65:175:Infinity":20,"b:184:26:184:48:184:48:184:Infinity":21,"b:188:18:196:19:196:18:196:Infinity":22,"b:202:11:202:Infinity:203:12:206:Infinity":23,"b:209:11:209:Infinity:210:12:217:Infinity":24,"b:214:20:214:Infinity:215:20:215:Infinity":25,"f:222:14:222:29":13,"s:222:29:222:Infinity":70,"f:249:14:249:19":14,"s:250:14:261:Infinity":71},"fnNames":{}}}
,"/Users/eshaanog/Documents/CommitIQ---/frontend/src/types/index.ts": {"path":"/Users/eshaanog/Documents/CommitIQ---/frontend/src/types/index.ts","statementMap":{"0":{"start":{"line":361,"column":2},"end":{"line":361,"column":null}},"1":{"start":{"line":361,"column":19},"end":{"line":361,"column":null}},"2":{"start":{"line":362,"column":2},"end":{"line":362,"column":null}},"3":{"start":{"line":362,"column":19},"end":{"line":362,"column":null}},"4":{"start":{"line":363,"column":2},"end":{"line":363,"column":null}},"5":{"start":{"line":363,"column":19},"end":{"line":363,"column":null}},"6":{"start":{"line":364,"column":2},"end":{"line":364,"column":null}},"7":{"start":{"line":364,"column":19},"end":{"line":364,"column":null}},"8":{"start":{"line":365,"column":2},"end":{"line":365,"column":null}},"9":{"start":{"line":365,"column":19},"end":{"line":365,"column":null}},"10":{"start":{"line":366,"column":2},"end":{"line":366,"column":null}},"11":{"start":{"line":370,"column":2},"end":{"line":370,"column":null}},"12":{"start":{"line":370,"column":19},"end":{"line":370,"column":null}},"13":{"start":{"line":371,"column":2},"end":{"line":371,"column":null}},"14":{"start":{"line":371,"column":19},"end":{"line":371,"column":null}},"15":{"start":{"line":372,"column":2},"end":{"line":372,"column":null}},"16":{"start":{"line":376,"column":2},"end":{"line":376,"column":null}},"17":{"start":{"line":376,"column":19},"end":{"line":376,"column":null}},"18":{"start":{"line":377,"column":2},"end":{"line":377,"column":null}},"19":{"start":{"line":377,"column":19},"end":{"line":377,"column":null}},"20":{"start":{"line":378,"column":2},"end":{"line":378,"column":null}},"21":{"start":{"line":378,"column":19},"end":{"line":378,"column":null}},"22":{"start":{"line":379,"column":2},"end":{"line":379,"column":null}},"23":{"start":{"line":379,"column":19},"end":{"line":379,"column":null}},"24":{"start":{"line":380,"column":2},"end":{"line":380,"column":null}},"25":{"start":{"line":380,"column":19},"end":{"line":380,"column":null}},"26":{"start":{"line":381,"column":2},"end":{"line":381,"column":null}},"27":{"start":{"line":385,"column":2},"end":{"line":385,"column":null}},"28":{"start":{"line":389,"column":2},"end":{"line":389,"column":null}},"29":{"start":{"line":389,"column":22},"end":{"line":389,"column":null}},"30":{"start":{"line":390,"column":15},"end":{"line":390,"column":null}},"31":{"start":{"line":391,"column":2},"end":{"line":391,"column":null}}},"fnMap":{"0":{"name":"getHealthStatus","decl":{"start":{"line":360,"column":16},"end":{"line":360,"column":32}},"loc":{"start":{"line":360,"column":61},"end":{"line":367,"column":null}},"line":360},"1":{"name":"getHealthColor","decl":{"start":{"line":369,"column":16},"end":{"line":369,"column":31}},"loc":{"start":{"line":369,"column":54},"end":{"line":373,"column":null}},"line":369},"2":{"name":"getHealthLabel","decl":{"start":{"line":375,"column":16},"end":{"line":375,"column":31}},"loc":{"start":{"line":375,"column":54},"end":{"line":382,"column":null}},"line":375},"3":{"name":"formatSha","decl":{"start":{"line":384,"column":16},"end":{"line":384,"column":26}},"loc":{"start":{"line":384,"column":47},"end":{"line":386,"column":null}},"line":384},"4":{"name":"formatDelta","decl":{"start":{"line":388,"column":16},"end":{"line":388,"column":28}},"loc":{"start":{"line":388,"column":58},"end":{"line":392,"column":null}},"line":388}},"branchMap":{"0":{"loc":{"start":{"line":361,"column":2},"end":{"line":361,"column":null}},"type":"if","locations":[{"start":{"line":361,"column":2},"end":{"line":361,"column":null}},{"start":{},"end":{}}],"line":361},"1":{"loc":{"start":{"line":362,"column":2},"end":{"line":362,"column":null}},"type":"if","locations":[{"start":{"line":362,"column":2},"end":{"line":362,"column":null}},{"start":{},"end":{}}],"line":362},"2":{"loc":{"start":{"line":363,"column":2},"end":{"line":363,"column":null}},"type":"if","locations":[{"start":{"line":363,"column":2},"end":{"line":363,"column":null}},{"start":{},"end":{}}],"line":363},"3":{"loc":{"start":{"line":364,"column":2},"end":{"line":364,"column":null}},"type":"if","locations":[{"start":{"line":364,"column":2},"end":{"line":364,"column":null}},{"start":{},"end":{}}],"line":364},"4":{"loc":{"start":{"line":365,"column":2},"end":{"line":365,"column":null}},"type":"if","locations":[{"start":{"line":365,"column":2},"end":{"line":365,"column":null}},{"start":{},"end":{}}],"line":365},"5":{"loc":{"start":{"line":370,"column":2},"end":{"line":370,"column":null}},"type":"if","locations":[{"start":{"line":370,"column":2},"end":{"line":370,"column":null}},{"start":{},"end":{}}],"line":370},"6":{"loc":{"start":{"line":371,"column":2},"end":{"line":371,"column":null}},"type":"if","locations":[{"start":{"line":371,"column":2},"end":{"line":371,"column":null}},{"start":{},"end":{}}],"line":371},"7":{"loc":{"start":{"line":376,"column":2},"end":{"line":376,"column":null}},"type":"if","locations":[{"start":{"line":376,"column":2},"end":{"line":376,"column":null}},{"start":{},"end":{}}],"line":376},"8":{"loc":{"start":{"line":377,"column":2},"end":{"line":377,"column":null}},"type":"if","locations":[{"start":{"line":377,"column":2},"end":{"line":377,"column":null}},{"start":{},"end":{}}],"line":377},"9":{"loc":{"start":{"line":378,"column":2},"end":{"line":378,"column":null}},"type":"if","locations":[{"start":{"line":378,"column":2},"end":{"line":378,"column":null}},{"start":{},"end":{}}],"line":378},"10":{"loc":{"start":{"line":379,"column":2},"end":{"line":379,"column":null}},"type":"if","locations":[{"start":{"line":379,"column":2},"end":{"line":379,"column":null}},{"start":{},"end":{}}],"line":379},"11":{"loc":{"start":{"line":380,"column":2},"end":{"line":380,"column":null}},"type":"if","locations":[{"start":{"line":380,"column":2},"end":{"line":380,"column":null}},{"start":{},"end":{}}],"line":380},"12":{"loc":{"start":{"line":389,"column":2},"end":{"line":389,"column":null}},"type":"if","locations":[{"start":{"line":389,"column":2},"end":{"line":389,"column":null}},{"start":{},"end":{}}],"line":389},"13":{"loc":{"start":{"line":390,"column":15},"end":{"line":390,"column":null}},"type":"cond-expr","locations":[{"start":{"line":390,"column":27},"end":{"line":390,"column":33}},{"start":{"line":390,"column":33},"end":{"line":390,"column":null}}],"line":390}},"s":{"0":22,"1":10,"2":12,"3":2,"4":10,"5":1,"6":9,"7":1,"8":8,"9":2,"10":6,"11":19,"12":11,"13":8,"14":8,"15":7,"16":2,"17":1,"18":1,"19":0,"20":1,"21":0,"22":1,"23":0,"24":1,"25":0,"26":1,"27":1,"28":3,"29":1,"30":2,"31":3},"f":{"0":22,"1":19,"2":2,"3":1,"4":3},"b":{"0":[10,12],"1":[2,10],"2":[1,9],"3":[1,8],"4":[2,6],"5":[11,8],"6":[1,7],"7":[1,1],"8":[0,1],"9":[0,1],"10":[0,1],"11":[0,1],"12":[1,2],"13":[1,1]},"meta":{"lastBranch":14,"lastFunction":5,"lastStatement":32,"seen":{"f:360:16:360:32":0,"b:361:2:361:Infinity:undefined:undefined:undefined:undefined":0,"s:361:2:361:Infinity":0,"s:361:19:361:Infinity":1,"b:362:2:362:Infinity:undefined:undefined:undefined:undefined":1,"s:362:2:362:Infinity":2,"s:362:19:362:Infinity":3,"b:363:2:363:Infinity:undefined:undefined:undefined:undefined":2,"s:363:2:363:Infinity":4,"s:363:19:363:Infinity":5,"b:364:2:364:Infinity:undefined:undefined:undefined:undefined":3,"s:364:2:364:Infinity":6,"s:364:19:364:Infinity":7,"b:365:2:365:Infinity:undefined:undefined:undefined:undefined":4,"s:365:2:365:Infinity":8,"s:365:19:365:Infinity":9,"s:366:2:366:Infinity":10,"f:369:16:369:31":1,"b:370:2:370:Infinity:undefined:undefined:undefined:undefined":5,"s:370:2:370:Infinity":11,"s:370:19:370:Infinity":12,"b:371:2:371:Infinity:undefined:undefined:undefined:undefined":6,"s:371:2:371:Infinity":13,"s:371:19:371:Infinity":14,"s:372:2:372:Infinity":15,"f:375:16:375:31":2,"b:376:2:376:Infinity:undefined:undefined:undefined:undefined":7,"s:376:2:376:Infinity":16,"s:376:19:376:Infinity":17,"b:377:2:377:Infinity:undefined:undefined:undefined:undefined":8,"s:377:2:377:Infinity":18,"s:377:19:377:Infinity":19,"b:378:2:378:Infinity:undefined:undefined:undefined:undefined":9,"s:378:2:378:Infinity":20,"s:378:19:378:Infinity":21,"b:379:2:379:Infinity:undefined:undefined:undefined:undefined":10,"s:379:2:379:Infinity":22,"s:379:19:379:Infinity":23,"b:380:2:380:Infinity:undefined:undefined:undefined:undefined":11,"s:380:2:380:Infinity":24,"s:380:19:380:Infinity":25,"s:381:2:381:Infinity":26,"f:384:16:384:26":3,"s:385:2:385:Infinity":27,"f:388:16:388:28":4,"b:389:2:389:Infinity:undefined:undefined:undefined:undefined":12,"s:389:2:389:Infinity":28,"s:389:22:389:Infinity":29,"s:390:15:390:Infinity":30,"b:390:27:390:33:390:33:390:Infinity":13,"s:391:2:391:Infinity":31},"fnNames":{}}}
}
